[01:38:29] [Thread-4/INFO]: [STDOUT]: SERVER enter state: DORMANT
[01:38:29] [EnvServerSocketHandler/INFO]: Received Mission token 3252e151-4f84-46a0-8d91-e65164f69b19:0:0:1:true
[01:38:29] [EnvServerSocketHandler/INFO]: Received mission init command  <MissionInit xmlns="http://ProjectMalmo.microsoft.com" xmlns:xsi="http://www.w3.org/2001/XMLSchema-instance" SchemaVersion="" PlatformVersion="0.37.0"><Mission><About><Summary>MineRLObtainDiamondShovel-v0</Summary></About><ModSettings><MsPerTick>50</MsPerTick></ModSettings><ServerSection><ServerInitialConditions><Time><AllowPassageOfTime>true</AllowPassageOfTime></Time><AllowSpawning>true</AllowSpawning></ServerInitialConditions><ServerHandlers><DefaultWorldGenerator forceReset="true" generatorOptions="{}"/><ServerQuitWhenAnyAgentFinishes/></ServerHandlers></ServerSection><AgentSection mode="Survival"><Name>MineRLAgent0</Name><AgentStart><LowLevelInputs>true</LowLevelInputs><GuiScale>1.0</GuiScale><GammaSetting>2.0</GammaSetting><FOVSetting>70.0</FOVSetting><FakeCursorSize>16</FakeCursorSize></AgentStart><AgentHandlers><FileBasedPerformanceProducer/><PauseCommand/><VideoProducer want_depth="false"><Width>640</Width><Height>360</Height></VideoProducer><ObservationFromFullInventory flat="false"/><HumanLevelCommands/><CameraCommands/></AgentHandlers></AgentSection></Mission><ExperimentUID>3252e151-4f84-46a0-8d91-e65164f69b19</ExperimentUID><ClientRole>0</ClientRole><ClientAgentConnection><ClientIPAddress>127.0.0.1</ClientIPAddress><ClientMissionControlPort>0</ClientMissionControlPort><ClientCommandsPort>0</ClientCommandsPort><AgentIPAddress>127.0.0.1</AgentIPAddress><AgentMissionControlPort>0</AgentMissionControlPort><AgentVideoPort>0</AgentVideoPort><AgentDepthPort>0</AgentDepthPort><AgentLuminancePort>0</AgentLuminancePort><AgentObservationsPort>0</AgentObservationsPort><AgentRewardsPort>0</AgentRewardsPort><AgentColourMapPort>0</AgentColourMapPort></ClientAgentConnection></MissionInit>
[01:38:30] [EnvServerSocketHandler/INFO]: [STDOUT]: Setting width, height to 640, 360
[01:38:30] [EnvServerSocketHandler/INFO]: [STDOUT]: Gamma: 2.0
[01:38:30] [EnvServerSocketHandler/INFO]: [STDOUT]: FOV: 70.0
[01:38:30] [EnvServerSocketHandler/INFO]: [STDOUT]: GuiScale: 1.0
[01:38:30] [Render thread/INFO]: [STDOUT]: Seed not provided, generating random one: 6299987288113055149
[01:38:30] [Render thread/WARN]: Ambiguity between arguments [teleport, destination] and [teleport, targets] with inputs: [Player, 0123, @e, dd12be42-52a9-4a91-a8a1-11c01849e498]
[01:38:30] [Render thread/WARN]: Ambiguity between arguments [teleport, location] and [teleport, destination] with inputs: [0.1 -0.5 .9, 0 0 0]
[01:38:30] [Render thread/WARN]: Ambiguity between arguments [teleport, location] and [teleport, targets] with inputs: [0.1 -0.5 .9, 0 0 0]
[01:38:30] [Render thread/WARN]: Ambiguity between arguments [teleport, targets] and [teleport, destination] with inputs: [Player, 0123, dd12be42-52a9-4a91-a8a1-11c01849e498]
[01:38:30] [Render thread/WARN]: Ambiguity between arguments [teleport, targets, location] and [teleport, targets, destination] with inputs: [0.1 -0.5 .9, 0 0 0]
[01:38:30] [Render thread/INFO]: Reloading ResourceManager: Default
[01:38:30] [Render thread/INFO]: Loaded 7 recipes
[01:38:31] [Render thread/INFO]: Loaded 927 advancements
[01:38:31] [Render thread/INFO]: Environment: authHost='https://authserver.mojang.com', accountsHost='https://api.mojang.com', sessionHost='https://sessionserver.mojang.com', servicesHost='https://api.minecraftservices.com', name='PROD'
[01:38:31] [Render thread/INFO]: Starting integrated minecraft server version 1.16.5
[01:38:31] [Render thread/INFO]: Generating keypair
[01:38:36] [Render thread/INFO]: Preparing start region for dimension minecraft:overworld
[01:38:45] [Render thread/INFO]: Changing view distance to 11, from 10
[01:38:45] [Render thread/INFO]: MineRLAgent0[local:E:a5522ccf] logged in with entity id 69 at (711.5, 64.0, 751.5)
[01:38:45] [Render thread/INFO]: MineRLAgent0 joined the game
[01:38:45] [Render thread/INFO]: [STDOUT]: *** creating fake mouse cursor ***
[01:38:45] [Render thread/INFO]: Preparing spawn area: 1%
[01:38:45] [Render thread/INFO]: Time elapsed: 3 ms
[01:38:45] [Render thread/INFO]: [STDOUT]: Starting new video null
[01:38:45] [Render thread/INFO]: Saving and pausing game...
[01:38:45] [Render thread/INFO]: Saving chunks for level 'ServerLevel[mcpworlde0386ecd888c]'/minecraft:overworld
[01:38:46] [Render thread/INFO]: Saving chunks for level 'ServerLevel[mcpworlde0386ecd888c]'/minecraft:the_nether
[01:38:46] [Render thread/INFO]: Saving chunks for level 'ServerLevel[mcpworlde0386ecd888c]'/minecraft:the_end
[01:38:46] [Render thread/INFO]: Loaded 0 advancements
[01:42:13] [Render thread/INFO]: Loaded 7 advancements
[01:44:05] [Render thread/INFO]: MineRLAgent0 drowned
[01:44:05] [Render thread/INFO]: [CHAT] MineRLAgent0 drowned
[01:44:06] [Render thread/INFO]: [STDOUT]: Starting new video null
[01:48:06] [Render thread/INFO]: MineRLAgent0 drowned
[01:48:06] [Render thread/INFO]: [CHAT] MineRLAgent0 drowned
[01:48:07] [Render thread/INFO]: [STDOUT]: Starting new video null
[01:56:54] [EnvServerSocketHandler/INFO]: [STDOUT]: *** Stopping the replay, returning control to the inputs
[01:56:54] [EnvServerSocketHandler/INFO]: Received Mission token beba5a2b-0cc9-445a-b187-87e40c0f1b35:0:0:1:true
[01:56:54] [EnvServerSocketHandler/INFO]: Received mission init command  <MissionInit xmlns="http://ProjectMalmo.microsoft.com" xmlns:xsi="http://www.w3.org/2001/XMLSchema-instance" SchemaVersion="" PlatformVersion="0.37.0"><Mission><About><Summary>MineRLObtainDiamondShovel-v0</Summary></About><ModSettings><MsPerTick>50</MsPerTick></ModSettings><ServerSection><ServerInitialConditions><Time><AllowPassageOfTime>true</AllowPassageOfTime></Time><AllowSpawning>true</AllowSpawning></ServerInitialConditions><ServerHandlers><DefaultWorldGenerator forceReset="true" generatorOptions="{}"/><ServerQuitWhenAnyAgentFinishes/></ServerHandlers></ServerSection><AgentSection mode="Survival"><Name>MineRLAgent0</Name><AgentStart><LowLevelInputs>true</LowLevelInputs><GuiScale>1.0</GuiScale><GammaSetting>2.0</GammaSetting><FOVSetting>70.0</FOVSetting><FakeCursorSize>16</FakeCursorSize></AgentStart><AgentHandlers><FileBasedPerformanceProducer/><PauseCommand/><VideoProducer want_depth="false"><Width>640</Width><Height>360</Height></VideoProducer><ObservationFromFullInventory flat="false"/><HumanLevelCommands/><CameraCommands/></AgentHandlers></AgentSection></Mission><ExperimentUID>beba5a2b-0cc9-445a-b187-87e40c0f1b35</ExperimentUID><ClientRole>0</ClientRole><ClientAgentConnection><ClientIPAddress>127.0.0.1</ClientIPAddress><ClientMissionControlPort>0</ClientMissionControlPort><ClientCommandsPort>0</ClientCommandsPort><AgentIPAddress>127.0.0.1</AgentIPAddress><AgentMissionControlPort>0</AgentMissionControlPort><AgentVideoPort>0</AgentVideoPort><AgentDepthPort>0</AgentDepthPort><AgentLuminancePort>0</AgentLuminancePort><AgentObservationsPort>0</AgentObservationsPort><AgentRewardsPort>0</AgentRewardsPort><AgentColourMapPort>0</AgentColourMapPort></ClientAgentConnection></MissionInit>
[01:56:55] [EnvServerSocketHandler/INFO]: [STDOUT]: Setting width, height to 640, 360
[01:56:55] [EnvServerSocketHandler/INFO]: [STDOUT]: Gamma: 2.0
[01:56:55] [EnvServerSocketHandler/INFO]: [STDOUT]: FOV: 70.0
[01:56:55] [EnvServerSocketHandler/INFO]: [STDOUT]: GuiScale: 1.0
[01:56:55] [Render thread/INFO]: [STDOUT]: Seed not provided, generating random one: 6191918079859479152
[01:56:55] [Render thread/WARN]: Ambiguity between arguments [teleport, destination] and [teleport, targets] with inputs: [Player, 0123, @e, dd12be42-52a9-4a91-a8a1-11c01849e498]
[01:56:55] [Render thread/WARN]: Ambiguity between arguments [teleport, location] and [teleport, destination] with inputs: [0.1 -0.5 .9, 0 0 0]
[01:56:55] [Render thread/WARN]: Ambiguity between arguments [teleport, location] and [teleport, targets] with inputs: [0.1 -0.5 .9, 0 0 0]
[01:56:55] [Render thread/WARN]: Ambiguity between arguments [teleport, targets] and [teleport, destination] with inputs: [Player, 0123, dd12be42-52a9-4a91-a8a1-11c01849e498]
[01:56:55] [Render thread/WARN]: Ambiguity between arguments [teleport, targets, location] and [teleport, targets, destination] with inputs: [0.1 -0.5 .9, 0 0 0]
[01:56:55] [Render thread/INFO]: Reloading ResourceManager: Default
[01:56:55] [Render thread/INFO]: Loaded 7 recipes
[01:56:55] [Render thread/INFO]: Loaded 927 advancements
[01:56:55] [Render thread/INFO]: Environment: authHost='https://authserver.mojang.com', accountsHost='https://api.mojang.com', sessionHost='https://sessionserver.mojang.com', servicesHost='https://api.minecraftservices.com', name='PROD'
[01:56:55] [Render thread/INFO]: Starting integrated minecraft server version 1.16.5
[01:56:55] [Render thread/INFO]: Generating keypair
[01:56:58] [Render thread/INFO]: Preparing start region for dimension minecraft:overworld
[01:57:10] [Render thread/INFO]: Changing view distance to 11, from 10
[01:57:10] [Render thread/INFO]: MineRLAgent0[local:E:2d78d0a0] logged in with entity id 3057 at (-481.5, 65.0, -323.5)
[01:57:10] [Render thread/INFO]: MineRLAgent0 joined the game
[01:57:10] [Render thread/INFO]: Preparing spawn area: 19%
[01:57:10] [Render thread/INFO]: Time elapsed: 2 ms
[01:57:10] [Render thread/INFO]: [STDOUT]: Starting new video null
[01:57:10] [Render thread/INFO]: Saving and pausing game...
[01:57:10] [Render thread/INFO]: Saving chunks for level 'ServerLevel[mcpworld737749fa39a1]'/minecraft:overworld
[01:57:11] [Render thread/INFO]: Saving chunks for level 'ServerLevel[mcpworld737749fa39a1]'/minecraft:the_nether
[01:57:11] [Render thread/INFO]: Saving chunks for level 'ServerLevel[mcpworld737749fa39a1]'/minecraft:the_end
[01:57:11] [Render thread/INFO]: Loaded 0 advancements
[02:09:27] [Render thread/INFO]: [STDOUT]: Starting new video null
[02:10:45] [Render thread/INFO]: Loaded 2 advancements
[02:12:35] [EnvServerSocketHandler/INFO]: [STDOUT]: *** Stopping the replay, returning control to the inputs
[02:12:35] [EnvServerSocketHandler/INFO]: Received Mission token b8d1dcd9-e283-414f-886f-d0acfc564348:0:0:1:true
[02:12:35] [EnvServerSocketHandler/INFO]: Received mission init command  <MissionInit xmlns="http://ProjectMalmo.microsoft.com" xmlns:xsi="http://www.w3.org/2001/XMLSchema-instance" SchemaVersion="" PlatformVersion="0.37.0"><Mission><About><Summary>MineRLObtainDiamondShovel-v0</Summary></About><ModSettings><MsPerTick>50</MsPerTick></ModSettings><ServerSection><ServerInitialConditions><Time><AllowPassageOfTime>true</AllowPassageOfTime></Time><AllowSpawning>true</AllowSpawning></ServerInitialConditions><ServerHandlers><DefaultWorldGenerator forceReset="true" generatorOptions="{}"/><ServerQuitWhenAnyAgentFinishes/></ServerHandlers></ServerSection><AgentSection mode="Survival"><Name>MineRLAgent0</Name><AgentStart><LowLevelInputs>true</LowLevelInputs><GuiScale>1.0</GuiScale><GammaSetting>2.0</GammaSetting><FOVSetting>70.0</FOVSetting><FakeCursorSize>16</FakeCursorSize></AgentStart><AgentHandlers><FileBasedPerformanceProducer/><PauseCommand/><VideoProducer want_depth="false"><Width>640</Width><Height>360</Height></VideoProducer><ObservationFromFullInventory flat="false"/><HumanLevelCommands/><CameraCommands/></AgentHandlers></AgentSection></Mission><ExperimentUID>b8d1dcd9-e283-414f-886f-d0acfc564348</ExperimentUID><ClientRole>0</ClientRole><ClientAgentConnection><ClientIPAddress>127.0.0.1</ClientIPAddress><ClientMissionControlPort>0</ClientMissionControlPort><ClientCommandsPort>0</ClientCommandsPort><AgentIPAddress>127.0.0.1</AgentIPAddress><AgentMissionControlPort>0</AgentMissionControlPort><AgentVideoPort>0</AgentVideoPort><AgentDepthPort>0</AgentDepthPort><AgentLuminancePort>0</AgentLuminancePort><AgentObservationsPort>0</AgentObservationsPort><AgentRewardsPort>0</AgentRewardsPort><AgentColourMapPort>0</AgentColourMapPort></ClientAgentConnection></MissionInit>
[02:12:35] [EnvServerSocketHandler/INFO]: [STDOUT]: Setting width, height to 640, 360
[02:12:35] [EnvServerSocketHandler/INFO]: [STDOUT]: Gamma: 2.0
[02:12:35] [EnvServerSocketHandler/INFO]: [STDOUT]: FOV: 70.0
[02:12:35] [EnvServerSocketHandler/INFO]: [STDOUT]: GuiScale: 1.0
[02:12:35] [Render thread/INFO]: [STDOUT]: Seed not provided, generating random one: 6776720775353051281
[02:12:35] [Render thread/WARN]: Ambiguity between arguments [teleport, destination] and [teleport, targets] with inputs: [Player, 0123, @e, dd12be42-52a9-4a91-a8a1-11c01849e498]
[02:12:35] [Render thread/WARN]: Ambiguity between arguments [teleport, location] and [teleport, destination] with inputs: [0.1 -0.5 .9, 0 0 0]
[02:12:35] [Render thread/WARN]: Ambiguity between arguments [teleport, location] and [teleport, targets] with inputs: [0.1 -0.5 .9, 0 0 0]
[02:12:35] [Render thread/WARN]: Ambiguity between arguments [teleport, targets] and [teleport, destination] with inputs: [Player, 0123, dd12be42-52a9-4a91-a8a1-11c01849e498]
[02:12:35] [Render thread/WARN]: Ambiguity between arguments [teleport, targets, location] and [teleport, targets, destination] with inputs: [0.1 -0.5 .9, 0 0 0]
[02:12:35] [Render thread/INFO]: Reloading ResourceManager: Default
[02:12:36] [Render thread/INFO]: Loaded 7 recipes
[02:12:36] [Render thread/INFO]: Loaded 927 advancements
[02:12:36] [Render thread/INFO]: Environment: authHost='https://authserver.mojang.com', accountsHost='https://api.mojang.com', sessionHost='https://sessionserver.mojang.com', servicesHost='https://api.minecraftservices.com', name='PROD'
[02:12:36] [Render thread/INFO]: Starting integrated minecraft server version 1.16.5
[02:12:36] [Render thread/INFO]: Generating keypair
[02:12:39] [Render thread/INFO]: Preparing start region for dimension minecraft:overworld
[02:12:50] [Render thread/INFO]: Changing view distance to 11, from 10
[02:12:50] [Render thread/INFO]: MineRLAgent0[local:E:bfd1ac7e] logged in with entity id 5237 at (946.5, 63.0, -709.5)
[02:12:50] [Render thread/INFO]: MineRLAgent0 joined the game
[02:12:50] [Render thread/INFO]: Preparing spawn area: 9%
[02:12:50] [Render thread/INFO]: Time elapsed: 2 ms
[02:12:51] [Render thread/INFO]: [STDOUT]: Starting new video null
[02:12:51] [Render thread/INFO]: Saving and pausing game...
[02:12:51] [Render thread/INFO]: Saving chunks for level 'ServerLevel[mcpworld8414cd1c3d95]'/minecraft:overworld
[02:12:51] [Render thread/INFO]: Saving chunks for level 'ServerLevel[mcpworld8414cd1c3d95]'/minecraft:the_nether
[02:12:51] [Render thread/INFO]: Saving chunks for level 'ServerLevel[mcpworld8414cd1c3d95]'/minecraft:the_end
[02:12:51] [Render thread/INFO]: Loaded 0 advancements
[02:12:53] [EnvServerSocketHandler/INFO]: [STDOUT]: *** Stopping the replay, returning control to the inputs
