[02:18:51] [Thread-4/INFO]: [STDOUT]: SERVER enter state: DORMANT
[02:18:51] [EnvServerSocketHandler/INFO]: Received Mission token f377c913-4b36-42ba-b436-e80dc2b90d9e:0:0:1:true
[02:18:51] [EnvServerSocketHandler/INFO]: Received mission init command  <MissionInit xmlns="http://ProjectMalmo.microsoft.com" xmlns:xsi="http://www.w3.org/2001/XMLSchema-instance" SchemaVersion="" PlatformVersion="0.37.0"><Mission><About><Summary>MineRLObtainDiamondShovel-v0</Summary></About><ModSettings><MsPerTick>50</MsPerTick></ModSettings><ServerSection><ServerInitialConditions><Time><AllowPassageOfTime>true</AllowPassageOfTime></Time><AllowSpawning>true</AllowSpawning></ServerInitialConditions><ServerHandlers><DefaultWorldGenerator forceReset="true" generatorOptions="{}"/><ServerQuitWhenAnyAgentFinishes/></ServerHandlers></ServerSection><AgentSection mode="Survival"><Name>MineRLAgent0</Name><AgentStart><LowLevelInputs>true</LowLevelInputs><GuiScale>1.0</GuiScale><GammaSetting>2.0</GammaSetting><FOVSetting>70.0</FOVSetting><FakeCursorSize>16</FakeCursorSize></AgentStart><AgentHandlers><FileBasedPerformanceProducer/><PauseCommand/><VideoProducer want_depth="false"><Width>640</Width><Height>360</Height></VideoProducer><ObservationFromFullInventory flat="false"/><HumanLevelCommands/><CameraCommands/></AgentHandlers></AgentSection></Mission><ExperimentUID>f377c913-4b36-42ba-b436-e80dc2b90d9e</ExperimentUID><ClientRole>0</ClientRole><ClientAgentConnection><ClientIPAddress>127.0.0.1</ClientIPAddress><ClientMissionControlPort>0</ClientMissionControlPort><ClientCommandsPort>0</ClientCommandsPort><AgentIPAddress>127.0.0.1</AgentIPAddress><AgentMissionControlPort>0</AgentMissionControlPort><AgentVideoPort>0</AgentVideoPort><AgentDepthPort>0</AgentDepthPort><AgentLuminancePort>0</AgentLuminancePort><AgentObservationsPort>0</AgentObservationsPort><AgentRewardsPort>0</AgentRewardsPort><AgentColourMapPort>0</AgentColourMapPort></ClientAgentConnection></MissionInit>
[02:18:52] [EnvServerSocketHandler/INFO]: [STDOUT]: Setting width, height to 640, 360
[02:18:52] [EnvServerSocketHandler/INFO]: [STDOUT]: Gamma: 2.0
[02:18:52] [EnvServerSocketHandler/INFO]: [STDOUT]: FOV: 70.0
[02:18:52] [EnvServerSocketHandler/INFO]: [STDOUT]: GuiScale: 1.0
[02:18:52] [Render thread/INFO]: [STDOUT]: Seed not provided, generating random one: -3516436700113864568
[02:18:53] [Render thread/WARN]: Ambiguity between arguments [teleport, destination] and [teleport, targets] with inputs: [Player, 0123, @e, dd12be42-52a9-4a91-a8a1-11c01849e498]
[02:18:53] [Render thread/WARN]: Ambiguity between arguments [teleport, location] and [teleport, destination] with inputs: [0.1 -0.5 .9, 0 0 0]
[02:18:53] [Render thread/WARN]: Ambiguity between arguments [teleport, location] and [teleport, targets] with inputs: [0.1 -0.5 .9, 0 0 0]
[02:18:53] [Render thread/WARN]: Ambiguity between arguments [teleport, targets] and [teleport, destination] with inputs: [Player, 0123, dd12be42-52a9-4a91-a8a1-11c01849e498]
[02:18:53] [Render thread/WARN]: Ambiguity between arguments [teleport, targets, location] and [teleport, targets, destination] with inputs: [0.1 -0.5 .9, 0 0 0]
[02:18:53] [Render thread/INFO]: Reloading ResourceManager: Default
[02:18:53] [Render thread/INFO]: Loaded 7 recipes
[02:18:53] [Render thread/INFO]: Loaded 927 advancements
[02:18:54] [Render thread/INFO]: Environment: authHost='https://authserver.mojang.com', accountsHost='https://api.mojang.com', sessionHost='https://sessionserver.mojang.com', servicesHost='https://api.minecraftservices.com', name='PROD'
[02:18:54] [Render thread/INFO]: Starting integrated minecraft server version 1.16.5
[02:18:54] [Render thread/INFO]: Generating keypair
[02:18:59] [Render thread/INFO]: Preparing start region for dimension minecraft:overworld
[02:19:08] [Render thread/INFO]: Changing view distance to 11, from 10
[02:19:08] [Render thread/INFO]: MineRLAgent0[local:E:50bc6698] logged in with entity id 145 at (478.5, 67.0, -500.5)
[02:19:08] [Render thread/INFO]: MineRLAgent0 joined the game
[02:19:09] [Render thread/INFO]: [STDOUT]: *** creating fake mouse cursor ***
[02:19:09] [Render thread/INFO]: Preparing spawn area: 24%
[02:19:09] [Render thread/INFO]: Time elapsed: 2 ms
[02:19:09] [Render thread/INFO]: [STDOUT]: Starting new video null
[02:19:09] [Render thread/INFO]: Saving and pausing game...
[02:19:09] [Render thread/INFO]: Saving chunks for level 'ServerLevel[mcpworld974775705884]'/minecraft:overworld
[02:19:10] [Render thread/INFO]: Saving chunks for level 'ServerLevel[mcpworld974775705884]'/minecraft:the_nether
[02:19:10] [Render thread/INFO]: Saving chunks for level 'ServerLevel[mcpworld974775705884]'/minecraft:the_end
[02:19:10] [Render thread/INFO]: Loaded 0 advancements
[02:20:19] [Render thread/INFO]: Loaded 8 advancements
[02:21:14] [Render thread/INFO]: Loaded 26 advancements
[02:22:28] [Render thread/INFO]: MineRLAgent0 was slain by Zombie
[02:22:28] [Render thread/INFO]: [CHAT] MineRLAgent0 was slain by Zombie
[02:22:28] [Render thread/INFO]: Loaded 40 advancements
[02:22:28] [Render thread/INFO]: [STDOUT]: Starting new video null
[02:33:42] [Render thread/INFO]: [STDOUT]: Starting new video null
[02:36:23] [EnvServerSocketHandler/INFO]: [STDOUT]: *** Stopping the replay, returning control to the inputs
[02:36:24] [EnvServerSocketHandler/INFO]: Received Mission token 2d61273e-a5ed-46d0-aace-5c990dbd55cd:0:0:1:true
[02:36:24] [EnvServerSocketHandler/INFO]: Received mission init command  <MissionInit xmlns="http://ProjectMalmo.microsoft.com" xmlns:xsi="http://www.w3.org/2001/XMLSchema-instance" SchemaVersion="" PlatformVersion="0.37.0"><Mission><About><Summary>MineRLObtainDiamondShovel-v0</Summary></About><ModSettings><MsPerTick>50</MsPerTick></ModSettings><ServerSection><ServerInitialConditions><Time><AllowPassageOfTime>true</AllowPassageOfTime></Time><AllowSpawning>true</AllowSpawning></ServerInitialConditions><ServerHandlers><DefaultWorldGenerator forceReset="true" generatorOptions="{}"/><ServerQuitWhenAnyAgentFinishes/></ServerHandlers></ServerSection><AgentSection mode="Survival"><Name>MineRLAgent0</Name><AgentStart><LowLevelInputs>true</LowLevelInputs><GuiScale>1.0</GuiScale><GammaSetting>2.0</GammaSetting><FOVSetting>70.0</FOVSetting><FakeCursorSize>16</FakeCursorSize></AgentStart><AgentHandlers><FileBasedPerformanceProducer/><PauseCommand/><VideoProducer want_depth="false"><Width>640</Width><Height>360</Height></VideoProducer><ObservationFromFullInventory flat="false"/><HumanLevelCommands/><CameraCommands/></AgentHandlers></AgentSection></Mission><ExperimentUID>2d61273e-a5ed-46d0-aace-5c990dbd55cd</ExperimentUID><ClientRole>0</ClientRole><ClientAgentConnection><ClientIPAddress>127.0.0.1</ClientIPAddress><ClientMissionControlPort>0</ClientMissionControlPort><ClientCommandsPort>0</ClientCommandsPort><AgentIPAddress>127.0.0.1</AgentIPAddress><AgentMissionControlPort>0</AgentMissionControlPort><AgentVideoPort>0</AgentVideoPort><AgentDepthPort>0</AgentDepthPort><AgentLuminancePort>0</AgentLuminancePort><AgentObservationsPort>0</AgentObservationsPort><AgentRewardsPort>0</AgentRewardsPort><AgentColourMapPort>0</AgentColourMapPort></ClientAgentConnection></MissionInit>
[02:36:24] [EnvServerSocketHandler/INFO]: [STDOUT]: Setting width, height to 640, 360
[02:36:24] [EnvServerSocketHandler/INFO]: [STDOUT]: Gamma: 2.0
[02:36:24] [EnvServerSocketHandler/INFO]: [STDOUT]: FOV: 70.0
[02:36:24] [EnvServerSocketHandler/INFO]: [STDOUT]: GuiScale: 1.0
[02:36:24] [Render thread/INFO]: [STDOUT]: Seed not provided, generating random one: 1115046539644837654
[02:36:24] [Render thread/WARN]: Ambiguity between arguments [teleport, destination] and [teleport, targets] with inputs: [Player, 0123, @e, dd12be42-52a9-4a91-a8a1-11c01849e498]
[02:36:24] [Render thread/WARN]: Ambiguity between arguments [teleport, location] and [teleport, destination] with inputs: [0.1 -0.5 .9, 0 0 0]
[02:36:24] [Render thread/WARN]: Ambiguity between arguments [teleport, location] and [teleport, targets] with inputs: [0.1 -0.5 .9, 0 0 0]
[02:36:24] [Render thread/WARN]: Ambiguity between arguments [teleport, targets] and [teleport, destination] with inputs: [Player, 0123, dd12be42-52a9-4a91-a8a1-11c01849e498]
[02:36:24] [Render thread/WARN]: Ambiguity between arguments [teleport, targets, location] and [teleport, targets, destination] with inputs: [0.1 -0.5 .9, 0 0 0]
[02:36:24] [Render thread/INFO]: Reloading ResourceManager: Default
[02:36:24] [Render thread/INFO]: Loaded 7 recipes
[02:36:24] [Render thread/INFO]: Loaded 927 advancements
[02:36:24] [Render thread/INFO]: Environment: authHost='https://authserver.mojang.com', accountsHost='https://api.mojang.com', sessionHost='https://sessionserver.mojang.com', servicesHost='https://api.minecraftservices.com', name='PROD'
[02:36:24] [Render thread/INFO]: Starting integrated minecraft server version 1.16.5
[02:36:24] [Render thread/INFO]: Generating keypair
[02:36:27] [Render thread/INFO]: Preparing start region for dimension minecraft:overworld
[02:36:38] [Render thread/INFO]: Changing view distance to 11, from 10
[02:36:38] [Render thread/INFO]: MineRLAgent0[local:E:572a9b62] logged in with entity id 3905 at (916.5, 64.0, 172.5)
[02:36:38] [Render thread/INFO]: MineRLAgent0 joined the game
[02:36:38] [Render thread/INFO]: Preparing spawn area: 27%
[02:36:38] [Render thread/INFO]: Time elapsed: 1 ms
[02:36:39] [Render thread/INFO]: [STDOUT]: Starting new video null
[02:36:39] [Render thread/INFO]: Saving and pausing game...
[02:36:39] [Render thread/INFO]: Saving chunks for level 'ServerLevel[mcpworld648696c37fb5]'/minecraft:overworld
[02:36:39] [Render thread/INFO]: Saving chunks for level 'ServerLevel[mcpworld648696c37fb5]'/minecraft:the_nether
[02:36:39] [Render thread/INFO]: Saving chunks for level 'ServerLevel[mcpworld648696c37fb5]'/minecraft:the_end
[02:36:39] [Render thread/INFO]: Loaded 0 advancements
[02:38:38] [Render thread/INFO]: Loaded 7 advancements
[02:47:12] [Render thread/INFO]: [STDOUT]: Starting new video null
[02:49:42] [EnvServerSocketHandler/INFO]: [STDOUT]: *** Stopping the replay, returning control to the inputs
[02:49:42] [EnvServerSocketHandler/INFO]: Received Mission token 41ecc9fb-2fc8-48af-ba52-a88b99f112bd:0:0:1:true
[02:49:42] [EnvServerSocketHandler/INFO]: Received mission init command  <MissionInit xmlns="http://ProjectMalmo.microsoft.com" xmlns:xsi="http://www.w3.org/2001/XMLSchema-instance" SchemaVersion="" PlatformVersion="0.37.0"><Mission><About><Summary>MineRLObtainDiamondShovel-v0</Summary></About><ModSettings><MsPerTick>50</MsPerTick></ModSettings><ServerSection><ServerInitialConditions><Time><AllowPassageOfTime>true</AllowPassageOfTime></Time><AllowSpawning>true</AllowSpawning></ServerInitialConditions><ServerHandlers><DefaultWorldGenerator forceReset="true" generatorOptions="{}"/><ServerQuitWhenAnyAgentFinishes/></ServerHandlers></ServerSection><AgentSection mode="Survival"><Name>MineRLAgent0</Name><AgentStart><LowLevelInputs>true</LowLevelInputs><GuiScale>1.0</GuiScale><GammaSetting>2.0</GammaSetting><FOVSetting>70.0</FOVSetting><FakeCursorSize>16</FakeCursorSize></AgentStart><AgentHandlers><FileBasedPerformanceProducer/><PauseCommand/><VideoProducer want_depth="false"><Width>640</Width><Height>360</Height></VideoProducer><ObservationFromFullInventory flat="false"/><HumanLevelCommands/><CameraCommands/></AgentHandlers></AgentSection></Mission><ExperimentUID>41ecc9fb-2fc8-48af-ba52-a88b99f112bd</ExperimentUID><ClientRole>0</ClientRole><ClientAgentConnection><ClientIPAddress>127.0.0.1</ClientIPAddress><ClientMissionControlPort>0</ClientMissionControlPort><ClientCommandsPort>0</ClientCommandsPort><AgentIPAddress>127.0.0.1</AgentIPAddress><AgentMissionControlPort>0</AgentMissionControlPort><AgentVideoPort>0</AgentVideoPort><AgentDepthPort>0</AgentDepthPort><AgentLuminancePort>0</AgentLuminancePort><AgentObservationsPort>0</AgentObservationsPort><AgentRewardsPort>0</AgentRewardsPort><AgentColourMapPort>0</AgentColourMapPort></ClientAgentConnection></MissionInit>
[02:49:43] [EnvServerSocketHandler/INFO]: [STDOUT]: Setting width, height to 640, 360
[02:49:43] [EnvServerSocketHandler/INFO]: [STDOUT]: Gamma: 2.0
[02:49:43] [EnvServerSocketHandler/INFO]: [STDOUT]: FOV: 70.0
[02:49:43] [EnvServerSocketHandler/INFO]: [STDOUT]: GuiScale: 1.0
[02:49:43] [Render thread/INFO]: [STDOUT]: Seed not provided, generating random one: 5116429654699872753
[02:49:43] [Render thread/WARN]: Ambiguity between arguments [teleport, destination] and [teleport, targets] with inputs: [Player, 0123, @e, dd12be42-52a9-4a91-a8a1-11c01849e498]
[02:49:43] [Render thread/WARN]: Ambiguity between arguments [teleport, location] and [teleport, destination] with inputs: [0.1 -0.5 .9, 0 0 0]
[02:49:43] [Render thread/WARN]: Ambiguity between arguments [teleport, location] and [teleport, targets] with inputs: [0.1 -0.5 .9, 0 0 0]
[02:49:43] [Render thread/WARN]: Ambiguity between arguments [teleport, targets] and [teleport, destination] with inputs: [Player, 0123, dd12be42-52a9-4a91-a8a1-11c01849e498]
[02:49:43] [Render thread/WARN]: Ambiguity between arguments [teleport, targets, location] and [teleport, targets, destination] with inputs: [0.1 -0.5 .9, 0 0 0]
[02:49:43] [Render thread/INFO]: Reloading ResourceManager: Default
[02:49:43] [Render thread/INFO]: Loaded 7 recipes
[02:49:43] [Render thread/INFO]: Loaded 927 advancements
[02:49:43] [Render thread/INFO]: Environment: authHost='https://authserver.mojang.com', accountsHost='https://api.mojang.com', sessionHost='https://sessionserver.mojang.com', servicesHost='https://api.minecraftservices.com', name='PROD'
[02:49:43] [Render thread/INFO]: Starting integrated minecraft server version 1.16.5
[02:49:43] [Render thread/INFO]: Generating keypair
[02:49:47] [Render thread/INFO]: Preparing start region for dimension minecraft:overworld
[02:49:58] [Render thread/INFO]: Changing view distance to 11, from 10
[02:49:58] [Render thread/INFO]: MineRLAgent0[local:E:e240a787] logged in with entity id 5635 at (226.5, 70.0, 74.5)
[02:49:58] [Render thread/INFO]: MineRLAgent0 joined the game
[02:49:58] [Render thread/INFO]: Preparing spawn area: 13%
[02:49:58] [Render thread/INFO]: Time elapsed: 2 ms
[02:49:58] [Render thread/INFO]: [STDOUT]: Starting new video null
[02:49:58] [Render thread/INFO]: Saving and pausing game...
[02:49:58] [Render thread/INFO]: Saving chunks for level 'ServerLevel[mcpworld7ae9814e7db1]'/minecraft:overworld
[02:49:58] [Render thread/INFO]: Saving chunks for level 'ServerLevel[mcpworld7ae9814e7db1]'/minecraft:the_nether
[02:49:58] [Render thread/INFO]: Saving chunks for level 'ServerLevel[mcpworld7ae9814e7db1]'/minecraft:the_end
[02:49:59] [Render thread/INFO]: Loaded 0 advancements
[02:50:01] [EnvServerSocketHandler/INFO]: [STDOUT]: *** Stopping the replay, returning control to the inputs
