[04:38:27] [Thread-4/INFO]: [STDOUT]: SERVER enter state: DORMANT
[04:38:27] [EnvServerSocketHandler/INFO]: Received Mission token fba141b6-1182-4830-8442-3b4cf40f39e1:0:0:1:true
[04:38:27] [EnvServerSocketHandler/INFO]: Received mission init command  <MissionInit xmlns="http://ProjectMalmo.microsoft.com" xmlns:xsi="http://www.w3.org/2001/XMLSchema-instance" SchemaVersion="" PlatformVersion="0.37.0"><Mission><About><Summary>MineRLObtainDiamondShovel-v0</Summary></About><ModSettings><MsPerTick>50</MsPerTick></ModSettings><ServerSection><HumanInteraction><Port>None</Port><MaxPlayers>10</MaxPlayers></HumanInteraction><ServerInitialConditions><Time><AllowPassageOfTime>true</AllowPassageOfTime></Time><AllowSpawning>true</AllowSpawning></ServerInitialConditions><ServerHandlers><DefaultWorldGenerator forceReset="true" generatorOptions="{}"/><ServerQuitWhenAnyAgentFinishes/></ServerHandlers></ServerSection><AgentSection mode="Survival"><Name>MineRLAgent0</Name><AgentStart><LowLevelInputs>true</LowLevelInputs><GuiScale>1.0</GuiScale><GammaSetting>2.0</GammaSetting><FOVSetting>70.0</FOVSetting><FakeCursorSize>16</FakeCursorSize></AgentStart><AgentHandlers><FileBasedPerformanceProducer/><PauseCommand/><VideoProducer want_depth="false"><Width>640</Width><Height>360</Height></VideoProducer><ObservationFromFullInventory flat="false"/><HumanLevelCommands/><CameraCommands/></AgentHandlers></AgentSection></Mission><ExperimentUID>fba141b6-1182-4830-8442-3b4cf40f39e1</ExperimentUID><ClientRole>0</ClientRole><ClientAgentConnection><ClientIPAddress>127.0.0.1</ClientIPAddress><ClientMissionControlPort>0</ClientMissionControlPort><ClientCommandsPort>0</ClientCommandsPort><AgentIPAddress>127.0.0.1</AgentIPAddress><AgentMissionControlPort>0</AgentMissionControlPort><AgentVideoPort>0</AgentVideoPort><AgentDepthPort>0</AgentDepthPort><AgentLuminancePort>0</AgentLuminancePort><AgentObservationsPort>0</AgentObservationsPort><AgentRewardsPort>0</AgentRewardsPort><AgentColourMapPort>0</AgentColourMapPort></ClientAgentConnection></MissionInit>
[04:38:28] [EnvServerSocketHandler/INFO]: [STDOUT]: Setting width, height to 640, 360
[04:38:28] [EnvServerSocketHandler/INFO]: [STDOUT]: Gamma: 2.0
[04:38:28] [EnvServerSocketHandler/INFO]: [STDOUT]: FOV: 70.0
[04:38:28] [EnvServerSocketHandler/INFO]: [STDOUT]: GuiScale: 1.0
[04:38:28] [Render thread/INFO]: [STDOUT]: Seed not provided, generating random one: -157183803643780269
[04:38:28] [Render thread/WARN]: Ambiguity between arguments [teleport, destination] and [teleport, targets] with inputs: [Player, 0123, @e, dd12be42-52a9-4a91-a8a1-11c01849e498]
[04:38:28] [Render thread/WARN]: Ambiguity between arguments [teleport, location] and [teleport, destination] with inputs: [0.1 -0.5 .9, 0 0 0]
[04:38:28] [Render thread/WARN]: Ambiguity between arguments [teleport, location] and [teleport, targets] with inputs: [0.1 -0.5 .9, 0 0 0]
[04:38:28] [Render thread/WARN]: Ambiguity between arguments [teleport, targets] and [teleport, destination] with inputs: [Player, 0123, dd12be42-52a9-4a91-a8a1-11c01849e498]
[04:38:28] [Render thread/WARN]: Ambiguity between arguments [teleport, targets, location] and [teleport, targets, destination] with inputs: [0.1 -0.5 .9, 0 0 0]
[04:38:28] [Render thread/INFO]: Reloading ResourceManager: Default
[04:38:28] [Render thread/INFO]: Loaded 7 recipes
[04:38:29] [Render thread/INFO]: Loaded 927 advancements
[04:38:29] [Render thread/INFO]: Environment: authHost='https://authserver.mojang.com', accountsHost='https://api.mojang.com', sessionHost='https://sessionserver.mojang.com', servicesHost='https://api.minecraftservices.com', name='PROD'
[04:38:29] [Render thread/INFO]: Starting integrated minecraft server version 1.16.5
[04:38:29] [Render thread/INFO]: Generating keypair
[04:38:33] [Render thread/INFO]: Preparing start region for dimension minecraft:overworld
[04:38:44] [Render thread/INFO]: Changing view distance to 11, from 10
[04:38:44] [Render thread/INFO]: MineRLAgent0[local:E:ae2cc5e0] logged in with entity id 183 at (-381.5, 73.0, 570.5)
[04:38:44] [Render thread/INFO]: MineRLAgent0 joined the game
[04:38:44] [Render thread/INFO]: [STDOUT]: *** creating fake mouse cursor ***
[04:38:44] [Render thread/INFO]: Preparing spawn area: 5%
[04:38:44] [Render thread/INFO]: Time elapsed: 3 ms
[04:38:45] [Render thread/INFO]: [STDOUT]: Starting new video null
[04:38:45] [Render thread/INFO]: Saving and pausing game...
[04:38:45] [Render thread/INFO]: Saving chunks for level 'ServerLevel[mcpworld3a58026fe038]'/minecraft:overworld
[04:38:46] [Render thread/INFO]: Saving chunks for level 'ServerLevel[mcpworld3a58026fe038]'/minecraft:the_nether
[04:38:46] [Render thread/INFO]: Saving chunks for level 'ServerLevel[mcpworld3a58026fe038]'/minecraft:the_end
[04:38:46] [Render thread/INFO]: Loaded 0 advancements
[04:50:42] [Render thread/INFO]: [STDOUT]: Starting new video null
[04:59:07] [EnvServerSocketHandler/INFO]: [STDOUT]: *** Stopping the replay, returning control to the inputs
[04:59:07] [EnvServerSocketHandler/INFO]: Received Mission token 6158bb62-9ebd-4094-9591-dc93476efb7a:0:0:1:true
[04:59:07] [EnvServerSocketHandler/INFO]: Received mission init command  <MissionInit xmlns="http://ProjectMalmo.microsoft.com" xmlns:xsi="http://www.w3.org/2001/XMLSchema-instance" SchemaVersion="" PlatformVersion="0.37.0"><Mission><About><Summary>MineRLObtainDiamondShovel-v0</Summary></About><ModSettings><MsPerTick>50</MsPerTick></ModSettings><ServerSection><HumanInteraction><Port>None</Port><MaxPlayers>10</MaxPlayers></HumanInteraction><ServerInitialConditions><Time><AllowPassageOfTime>true</AllowPassageOfTime></Time><AllowSpawning>true</AllowSpawning></ServerInitialConditions><ServerHandlers><DefaultWorldGenerator forceReset="true" generatorOptions="{}"/><ServerQuitWhenAnyAgentFinishes/></ServerHandlers></ServerSection><AgentSection mode="Survival"><Name>MineRLAgent0</Name><AgentStart><LowLevelInputs>true</LowLevelInputs><GuiScale>1.0</GuiScale><GammaSetting>2.0</GammaSetting><FOVSetting>70.0</FOVSetting><FakeCursorSize>16</FakeCursorSize></AgentStart><AgentHandlers><FileBasedPerformanceProducer/><PauseCommand/><VideoProducer want_depth="false"><Width>640</Width><Height>360</Height></VideoProducer><ObservationFromFullInventory flat="false"/><HumanLevelCommands/><CameraCommands/></AgentHandlers></AgentSection></Mission><ExperimentUID>6158bb62-9ebd-4094-9591-dc93476efb7a</ExperimentUID><ClientRole>0</ClientRole><ClientAgentConnection><ClientIPAddress>127.0.0.1</ClientIPAddress><ClientMissionControlPort>0</ClientMissionControlPort><ClientCommandsPort>0</ClientCommandsPort><AgentIPAddress>127.0.0.1</AgentIPAddress><AgentMissionControlPort>0</AgentMissionControlPort><AgentVideoPort>0</AgentVideoPort><AgentDepthPort>0</AgentDepthPort><AgentLuminancePort>0</AgentLuminancePort><AgentObservationsPort>0</AgentObservationsPort><AgentRewardsPort>0</AgentRewardsPort><AgentColourMapPort>0</AgentColourMapPort></ClientAgentConnection></MissionInit>
[04:59:07] [EnvServerSocketHandler/INFO]: [STDOUT]: Setting width, height to 640, 360
[04:59:07] [EnvServerSocketHandler/INFO]: [STDOUT]: Gamma: 2.0
[04:59:07] [EnvServerSocketHandler/INFO]: [STDOUT]: FOV: 70.0
[04:59:07] [EnvServerSocketHandler/INFO]: [STDOUT]: GuiScale: 1.0
[04:59:07] [Render thread/INFO]: [STDOUT]: Seed not provided, generating random one: 3579656600705797390
[04:59:07] [Render thread/WARN]: Ambiguity between arguments [teleport, destination] and [teleport, targets] with inputs: [Player, 0123, @e, dd12be42-52a9-4a91-a8a1-11c01849e498]
[04:59:07] [Render thread/WARN]: Ambiguity between arguments [teleport, location] and [teleport, destination] with inputs: [0.1 -0.5 .9, 0 0 0]
[04:59:07] [Render thread/WARN]: Ambiguity between arguments [teleport, location] and [teleport, targets] with inputs: [0.1 -0.5 .9, 0 0 0]
[04:59:07] [Render thread/WARN]: Ambiguity between arguments [teleport, targets] and [teleport, destination] with inputs: [Player, 0123, dd12be42-52a9-4a91-a8a1-11c01849e498]
[04:59:07] [Render thread/WARN]: Ambiguity between arguments [teleport, targets, location] and [teleport, targets, destination] with inputs: [0.1 -0.5 .9, 0 0 0]
[04:59:07] [Render thread/INFO]: Reloading ResourceManager: Default
[04:59:07] [Render thread/INFO]: Loaded 7 recipes
[04:59:07] [Render thread/INFO]: Loaded 927 advancements
[04:59:08] [Render thread/INFO]: Environment: authHost='https://authserver.mojang.com', accountsHost='https://api.mojang.com', sessionHost='https://sessionserver.mojang.com', servicesHost='https://api.minecraftservices.com', name='PROD'
[04:59:08] [Render thread/INFO]: Starting integrated minecraft server version 1.16.5
[04:59:08] [Render thread/INFO]: Generating keypair
[04:59:11] [Render thread/INFO]: Preparing start region for dimension minecraft:overworld
[04:59:22] [Render thread/INFO]: Changing view distance to 11, from 10
[04:59:22] [Render thread/INFO]: MineRLAgent0[local:E:89ba5cd0] logged in with entity id 2432 at (238.5, 64.0, 315.5)
[04:59:22] [Render thread/INFO]: MineRLAgent0 joined the game
[04:59:22] [Render thread/INFO]: Preparing spawn area: 41%
[04:59:22] [Render thread/INFO]: Time elapsed: 1 ms
[04:59:22] [Render thread/INFO]: [STDOUT]: Starting new video null
[04:59:22] [Render thread/INFO]: Saving and pausing game...
[04:59:22] [Render thread/INFO]: Saving chunks for level 'ServerLevel[mcpworld11e112e822d2]'/minecraft:overworld
[04:59:23] [Render thread/INFO]: Saving chunks for level 'ServerLevel[mcpworld11e112e822d2]'/minecraft:the_nether
[04:59:23] [Render thread/INFO]: Saving chunks for level 'ServerLevel[mcpworld11e112e822d2]'/minecraft:the_end
[04:59:23] [Render thread/INFO]: Loaded 0 advancements
[05:11:09] [Render thread/INFO]: [STDOUT]: Starting new video null
[05:14:16] [EnvServerSocketHandler/INFO]: [STDOUT]: *** Stopping the replay, returning control to the inputs
[05:14:17] [EnvServerSocketHandler/INFO]: Received Mission token dadafb07-9b80-42d1-86fd-16c053ab1a4d:0:0:1:true
[05:14:17] [EnvServerSocketHandler/INFO]: Received mission init command  <MissionInit xmlns="http://ProjectMalmo.microsoft.com" xmlns:xsi="http://www.w3.org/2001/XMLSchema-instance" SchemaVersion="" PlatformVersion="0.37.0"><Mission><About><Summary>MineRLObtainDiamondShovel-v0</Summary></About><ModSettings><MsPerTick>50</MsPerTick></ModSettings><ServerSection><HumanInteraction><Port>None</Port><MaxPlayers>10</MaxPlayers></HumanInteraction><ServerInitialConditions><Time><AllowPassageOfTime>true</AllowPassageOfTime></Time><AllowSpawning>true</AllowSpawning></ServerInitialConditions><ServerHandlers><DefaultWorldGenerator forceReset="true" generatorOptions="{}"/><ServerQuitWhenAnyAgentFinishes/></ServerHandlers></ServerSection><AgentSection mode="Survival"><Name>MineRLAgent0</Name><AgentStart><LowLevelInputs>true</LowLevelInputs><GuiScale>1.0</GuiScale><GammaSetting>2.0</GammaSetting><FOVSetting>70.0</FOVSetting><FakeCursorSize>16</FakeCursorSize></AgentStart><AgentHandlers><FileBasedPerformanceProducer/><PauseCommand/><VideoProducer want_depth="false"><Width>640</Width><Height>360</Height></VideoProducer><ObservationFromFullInventory flat="false"/><HumanLevelCommands/><CameraCommands/></AgentHandlers></AgentSection></Mission><ExperimentUID>dadafb07-9b80-42d1-86fd-16c053ab1a4d</ExperimentUID><ClientRole>0</ClientRole><ClientAgentConnection><ClientIPAddress>127.0.0.1</ClientIPAddress><ClientMissionControlPort>0</ClientMissionControlPort><ClientCommandsPort>0</ClientCommandsPort><AgentIPAddress>127.0.0.1</AgentIPAddress><AgentMissionControlPort>0</AgentMissionControlPort><AgentVideoPort>0</AgentVideoPort><AgentDepthPort>0</AgentDepthPort><AgentLuminancePort>0</AgentLuminancePort><AgentObservationsPort>0</AgentObservationsPort><AgentRewardsPort>0</AgentRewardsPort><AgentColourMapPort>0</AgentColourMapPort></ClientAgentConnection></MissionInit>
[05:14:17] [EnvServerSocketHandler/INFO]: [STDOUT]: Setting width, height to 640, 360
[05:14:17] [EnvServerSocketHandler/INFO]: [STDOUT]: Gamma: 2.0
[05:14:17] [EnvServerSocketHandler/INFO]: [STDOUT]: FOV: 70.0
[05:14:17] [EnvServerSocketHandler/INFO]: [STDOUT]: GuiScale: 1.0
[05:14:17] [Render thread/INFO]: [STDOUT]: Seed not provided, generating random one: 7539864378661627992
[05:14:17] [Render thread/WARN]: Ambiguity between arguments [teleport, destination] and [teleport, targets] with inputs: [Player, 0123, @e, dd12be42-52a9-4a91-a8a1-11c01849e498]
[05:14:17] [Render thread/WARN]: Ambiguity between arguments [teleport, location] and [teleport, destination] with inputs: [0.1 -0.5 .9, 0 0 0]
[05:14:17] [Render thread/WARN]: Ambiguity between arguments [teleport, location] and [teleport, targets] with inputs: [0.1 -0.5 .9, 0 0 0]
[05:14:17] [Render thread/WARN]: Ambiguity between arguments [teleport, targets] and [teleport, destination] with inputs: [Player, 0123, dd12be42-52a9-4a91-a8a1-11c01849e498]
[05:14:17] [Render thread/WARN]: Ambiguity between arguments [teleport, targets, location] and [teleport, targets, destination] with inputs: [0.1 -0.5 .9, 0 0 0]
[05:14:17] [Render thread/INFO]: Reloading ResourceManager: Default
[05:14:17] [Render thread/INFO]: Loaded 7 recipes
[05:14:17] [Render thread/INFO]: Loaded 927 advancements
[05:14:17] [Render thread/INFO]: Environment: authHost='https://authserver.mojang.com', accountsHost='https://api.mojang.com', sessionHost='https://sessionserver.mojang.com', servicesHost='https://api.minecraftservices.com', name='PROD'
[05:14:17] [Render thread/INFO]: Starting integrated minecraft server version 1.16.5
[05:14:17] [Render thread/INFO]: Generating keypair
[05:14:20] [Render thread/INFO]: Preparing start region for dimension minecraft:overworld
[05:14:30] [Render thread/INFO]: Changing view distance to 11, from 10
[05:14:30] [Render thread/INFO]: MineRLAgent0[local:E:a83e5e58] logged in with entity id 4774 at (-29.5, 66.0, -1013.5)
[05:14:30] [Render thread/INFO]: MineRLAgent0 joined the game
[05:14:30] [Render thread/INFO]: Preparing spawn area: 1%
[05:14:30] [Render thread/INFO]: Time elapsed: 2 ms
[05:14:31] [Render thread/INFO]: [STDOUT]: Starting new video null
[05:14:31] [Render thread/INFO]: Saving and pausing game...
[05:14:31] [Render thread/INFO]: Saving chunks for level 'ServerLevel[mcpworld5603f9e91dda]'/minecraft:overworld
[05:14:31] [Render thread/INFO]: Saving chunks for level 'ServerLevel[mcpworld5603f9e91dda]'/minecraft:the_nether
[05:14:31] [Render thread/INFO]: Saving chunks for level 'ServerLevel[mcpworld5603f9e91dda]'/minecraft:the_end
[05:14:32] [Render thread/INFO]: Loaded 0 advancements
[05:14:33] [EnvServerSocketHandler/INFO]: [STDOUT]: *** Stopping the replay, returning control to the inputs
