[04:20:39] [Thread-4/INFO]: [STDOUT]: SERVER enter state: DORMANT
[04:20:39] [EnvServerSocketHandler/INFO]: Received Mission token 84191330-e8c3-4ae7-a233-be97ef8bcc52:0:0:1:true
[04:20:39] [EnvServerSocketHandler/INFO]: Received mission init command  <MissionInit xmlns="http://ProjectMalmo.microsoft.com" xmlns:xsi="http://www.w3.org/2001/XMLSchema-instance" SchemaVersion="" PlatformVersion="0.37.0"><Mission><About><Summary>MineRLObtainDiamondShovel-v0</Summary></About><ModSettings><MsPerTick>50</MsPerTick></ModSettings><ServerSection><HumanInteraction><Port>None</Port><MaxPlayers>10</MaxPlayers></HumanInteraction><ServerInitialConditions><Time><AllowPassageOfTime>true</AllowPassageOfTime></Time><AllowSpawning>true</AllowSpawning></ServerInitialConditions><ServerHandlers><DefaultWorldGenerator forceReset="true" generatorOptions="{}"/><ServerQuitWhenAnyAgentFinishes/></ServerHandlers></ServerSection><AgentSection mode="Survival"><Name>MineRLAgent0</Name><AgentStart><LowLevelInputs>true</LowLevelInputs><GuiScale>1.0</GuiScale><GammaSetting>2.0</GammaSetting><FOVSetting>70.0</FOVSetting><FakeCursorSize>16</FakeCursorSize></AgentStart><AgentHandlers><FileBasedPerformanceProducer/><PauseCommand/><VideoProducer want_depth="false"><Width>640</Width><Height>360</Height></VideoProducer><ObservationFromFullInventory flat="false"/><HumanLevelCommands/><CameraCommands/></AgentHandlers></AgentSection></Mission><ExperimentUID>84191330-e8c3-4ae7-a233-be97ef8bcc52</ExperimentUID><ClientRole>0</ClientRole><ClientAgentConnection><ClientIPAddress>127.0.0.1</ClientIPAddress><ClientMissionControlPort>0</ClientMissionControlPort><ClientCommandsPort>0</ClientCommandsPort><AgentIPAddress>127.0.0.1</AgentIPAddress><AgentMissionControlPort>0</AgentMissionControlPort><AgentVideoPort>0</AgentVideoPort><AgentDepthPort>0</AgentDepthPort><AgentLuminancePort>0</AgentLuminancePort><AgentObservationsPort>0</AgentObservationsPort><AgentRewardsPort>0</AgentRewardsPort><AgentColourMapPort>0</AgentColourMapPort></ClientAgentConnection></MissionInit>
[04:20:40] [EnvServerSocketHandler/INFO]: [STDOUT]: Setting width, height to 640, 360
[04:20:40] [EnvServerSocketHandler/INFO]: [STDOUT]: Gamma: 2.0
[04:20:40] [EnvServerSocketHandler/INFO]: [STDOUT]: FOV: 70.0
[04:20:40] [EnvServerSocketHandler/INFO]: [STDOUT]: GuiScale: 1.0
[04:20:40] [Render thread/INFO]: [STDOUT]: Seed not provided, generating random one: -8172795730441106686
[04:20:41] [Render thread/WARN]: Ambiguity between arguments [teleport, destination] and [teleport, targets] with inputs: [Player, 0123, @e, dd12be42-52a9-4a91-a8a1-11c01849e498]
[04:20:41] [Render thread/WARN]: Ambiguity between arguments [teleport, location] and [teleport, destination] with inputs: [0.1 -0.5 .9, 0 0 0]
[04:20:41] [Render thread/WARN]: Ambiguity between arguments [teleport, location] and [teleport, targets] with inputs: [0.1 -0.5 .9, 0 0 0]
[04:20:41] [Render thread/WARN]: Ambiguity between arguments [teleport, targets] and [teleport, destination] with inputs: [Player, 0123, dd12be42-52a9-4a91-a8a1-11c01849e498]
[04:20:41] [Render thread/WARN]: Ambiguity between arguments [teleport, targets, location] and [teleport, targets, destination] with inputs: [0.1 -0.5 .9, 0 0 0]
[04:20:41] [Render thread/INFO]: Reloading ResourceManager: Default
[04:20:41] [Render thread/INFO]: Loaded 7 recipes
[04:20:41] [Render thread/INFO]: Loaded 927 advancements
[04:20:41] [Render thread/INFO]: [STDOUT]: *** creating fake mouse cursor ***
[04:20:42] [Render thread/INFO]: Environment: authHost='https://authserver.mojang.com', accountsHost='https://api.mojang.com', sessionHost='https://sessionserver.mojang.com', servicesHost='https://api.minecraftservices.com', name='PROD'
[04:20:42] [Render thread/INFO]: Starting integrated minecraft server version 1.16.5
[04:20:42] [Render thread/INFO]: Generating keypair
[04:20:47] [Render thread/INFO]: Preparing start region for dimension minecraft:overworld
[04:20:57] [Render thread/INFO]: Changing view distance to 11, from 10
[04:20:57] [Render thread/INFO]: MineRLAgent0[local:E:fd52350a] logged in with entity id 313 at (-461.5, 69.0, 906.5)
[04:20:57] [Render thread/INFO]: MineRLAgent0 joined the game
[04:20:58] [Render thread/INFO]: Preparing spawn area: 9%
[04:20:58] [Render thread/INFO]: Time elapsed: 3 ms
[04:20:58] [Render thread/INFO]: [STDOUT]: Starting new video null
[04:20:58] [Render thread/INFO]: Saving and pausing game...
[04:20:58] [Render thread/INFO]: Saving chunks for level 'ServerLevel[mcpworldd0aa52cc0de8]'/minecraft:overworld
[04:20:59] [Render thread/INFO]: Saving chunks for level 'ServerLevel[mcpworldd0aa52cc0de8]'/minecraft:the_nether
[04:20:59] [Render thread/INFO]: Saving chunks for level 'ServerLevel[mcpworldd0aa52cc0de8]'/minecraft:the_end
[04:20:59] [Render thread/INFO]: Loaded 0 advancements
[04:21:02] [EnvServerSocketHandler/INFO]: [STDOUT]: *** Stopping the replay, returning control to the inputs
