[01:41:25] [Thread-4/INFO]: [STDOUT]: SERVER enter state: DORMANT
[01:41:25] [EnvServerSocketHandler/INFO]: Received Mission token 41d1cf62-9b87-485e-b434-14ba9ee75d82:0:0:1:true
[01:41:25] [EnvServerSocketHandler/INFO]: Received mission init command  <MissionInit xmlns="http://ProjectMalmo.microsoft.com" xmlns:xsi="http://www.w3.org/2001/XMLSchema-instance" SchemaVersion="" PlatformVersion="0.37.0"><Mission><About><Summary>MineRLObtainDiamondShovel-v0</Summary></About><ModSettings><MsPerTick>50</MsPerTick></ModSettings><ServerSection><ServerInitialConditions><Time><AllowPassageOfTime>true</AllowPassageOfTime></Time><AllowSpawning>true</AllowSpawning></ServerInitialConditions><ServerHandlers><DefaultWorldGenerator forceReset="true" generatorOptions="{}"/><ServerQuitWhenAnyAgentFinishes/></ServerHandlers></ServerSection><AgentSection mode="Survival"><Name>MineRLAgent0</Name><AgentStart><LowLevelInputs>true</LowLevelInputs><GuiScale>1.0</GuiScale><GammaSetting>2.0</GammaSetting><FOVSetting>70.0</FOVSetting><FakeCursorSize>16</FakeCursorSize></AgentStart><AgentHandlers><FileBasedPerformanceProducer/><PauseCommand/><VideoProducer want_depth="false"><Width>640</Width><Height>360</Height></VideoProducer><ObservationFromFullInventory flat="false"/><HumanLevelCommands/><CameraCommands/></AgentHandlers></AgentSection></Mission><ExperimentUID>41d1cf62-9b87-485e-b434-14ba9ee75d82</ExperimentUID><ClientRole>0</ClientRole><ClientAgentConnection><ClientIPAddress>127.0.0.1</ClientIPAddress><ClientMissionControlPort>0</ClientMissionControlPort><ClientCommandsPort>0</ClientCommandsPort><AgentIPAddress>127.0.0.1</AgentIPAddress><AgentMissionControlPort>0</AgentMissionControlPort><AgentVideoPort>0</AgentVideoPort><AgentDepthPort>0</AgentDepthPort><AgentLuminancePort>0</AgentLuminancePort><AgentObservationsPort>0</AgentObservationsPort><AgentRewardsPort>0</AgentRewardsPort><AgentColourMapPort>0</AgentColourMapPort></ClientAgentConnection></MissionInit>
[01:41:26] [Render thread/INFO]: [STDOUT]: *** creating fake mouse cursor ***
[01:41:26] [EnvServerSocketHandler/INFO]: [STDOUT]: Setting width, height to 640, 360
[01:41:26] [EnvServerSocketHandler/INFO]: [STDOUT]: Gamma: 2.0
[01:41:26] [EnvServerSocketHandler/INFO]: [STDOUT]: FOV: 70.0
[01:41:26] [EnvServerSocketHandler/INFO]: [STDOUT]: GuiScale: 1.0
[01:41:26] [Render thread/INFO]: [STDOUT]: Seed not provided, generating random one: 7515083425298148373
[01:41:27] [Render thread/WARN]: Ambiguity between arguments [teleport, destination] and [teleport, targets] with inputs: [Player, 0123, @e, dd12be42-52a9-4a91-a8a1-11c01849e498]
[01:41:27] [Render thread/WARN]: Ambiguity between arguments [teleport, location] and [teleport, destination] with inputs: [0.1 -0.5 .9, 0 0 0]
[01:41:27] [Render thread/WARN]: Ambiguity between arguments [teleport, location] and [teleport, targets] with inputs: [0.1 -0.5 .9, 0 0 0]
[01:41:27] [Render thread/WARN]: Ambiguity between arguments [teleport, targets] and [teleport, destination] with inputs: [Player, 0123, dd12be42-52a9-4a91-a8a1-11c01849e498]
[01:41:27] [Render thread/WARN]: Ambiguity between arguments [teleport, targets, location] and [teleport, targets, destination] with inputs: [0.1 -0.5 .9, 0 0 0]
[01:41:27] [Render thread/INFO]: Reloading ResourceManager: Default
[01:41:28] [Render thread/INFO]: Loaded 7 recipes
[01:41:28] [Render thread/INFO]: Loaded 927 advancements
[01:41:29] [Render thread/INFO]: Environment: authHost='https://authserver.mojang.com', accountsHost='https://api.mojang.com', sessionHost='https://sessionserver.mojang.com', servicesHost='https://api.minecraftservices.com', name='PROD'
[01:41:29] [Render thread/INFO]: Starting integrated minecraft server version 1.16.5
[01:41:29] [Render thread/INFO]: Generating keypair
[01:41:34] [Render thread/INFO]: Preparing start region for dimension minecraft:overworld
[01:41:45] [Render thread/INFO]: Changing view distance to 11, from 10
[01:41:45] [Render thread/INFO]: MineRLAgent0[local:E:f821263f] logged in with entity id 395 at (-445.5, 70.0, 122.5)
[01:41:45] [Render thread/INFO]: MineRLAgent0 joined the game
[01:41:45] [Render thread/INFO]: Preparing spawn area: 0%
[01:41:45] [Render thread/INFO]: Time elapsed: 4 ms
[01:41:46] [Render thread/INFO]: [STDOUT]: Starting new video null
[01:41:46] [Render thread/INFO]: Saving and pausing game...
[01:41:46] [Render thread/INFO]: Saving chunks for level 'ServerLevel[mcpworld3a58026fe038]'/minecraft:overworld
[01:41:46] [Render thread/INFO]: Saving chunks for level 'ServerLevel[mcpworld3a58026fe038]'/minecraft:the_nether
[01:41:46] [Render thread/INFO]: Saving chunks for level 'ServerLevel[mcpworld3a58026fe038]'/minecraft:the_end
[01:41:47] [Render thread/INFO]: Loaded 0 advancements
[01:52:14] [Render thread/INFO]: [STDOUT]: Starting new video null
[01:56:32] [Render thread/INFO]: Loaded 2 advancements
[02:00:11] [EnvServerSocketHandler/INFO]: [STDOUT]: *** Stopping the replay, returning control to the inputs
[02:00:11] [EnvServerSocketHandler/INFO]: Received Mission token 78a40360-0e7f-4bfa-b11e-5e2f90fd8334:0:0:1:true
[02:00:11] [EnvServerSocketHandler/INFO]: Received mission init command  <MissionInit xmlns="http://ProjectMalmo.microsoft.com" xmlns:xsi="http://www.w3.org/2001/XMLSchema-instance" SchemaVersion="" PlatformVersion="0.37.0"><Mission><About><Summary>MineRLObtainDiamondShovel-v0</Summary></About><ModSettings><MsPerTick>50</MsPerTick></ModSettings><ServerSection><ServerInitialConditions><Time><AllowPassageOfTime>true</AllowPassageOfTime></Time><AllowSpawning>true</AllowSpawning></ServerInitialConditions><ServerHandlers><DefaultWorldGenerator forceReset="true" generatorOptions="{}"/><ServerQuitWhenAnyAgentFinishes/></ServerHandlers></ServerSection><AgentSection mode="Survival"><Name>MineRLAgent0</Name><AgentStart><LowLevelInputs>true</LowLevelInputs><GuiScale>1.0</GuiScale><GammaSetting>2.0</GammaSetting><FOVSetting>70.0</FOVSetting><FakeCursorSize>16</FakeCursorSize></AgentStart><AgentHandlers><FileBasedPerformanceProducer/><PauseCommand/><VideoProducer want_depth="false"><Width>640</Width><Height>360</Height></VideoProducer><ObservationFromFullInventory flat="false"/><HumanLevelCommands/><CameraCommands/></AgentHandlers></AgentSection></Mission><ExperimentUID>78a40360-0e7f-4bfa-b11e-5e2f90fd8334</ExperimentUID><ClientRole>0</ClientRole><ClientAgentConnection><ClientIPAddress>127.0.0.1</ClientIPAddress><ClientMissionControlPort>0</ClientMissionControlPort><ClientCommandsPort>0</ClientCommandsPort><AgentIPAddress>127.0.0.1</AgentIPAddress><AgentMissionControlPort>0</AgentMissionControlPort><AgentVideoPort>0</AgentVideoPort><AgentDepthPort>0</AgentDepthPort><AgentLuminancePort>0</AgentLuminancePort><AgentObservationsPort>0</AgentObservationsPort><AgentRewardsPort>0</AgentRewardsPort><AgentColourMapPort>0</AgentColourMapPort></ClientAgentConnection></MissionInit>
[02:00:11] [EnvServerSocketHandler/INFO]: [STDOUT]: Setting width, height to 640, 360
[02:00:11] [EnvServerSocketHandler/INFO]: [STDOUT]: Gamma: 2.0
[02:00:11] [EnvServerSocketHandler/INFO]: [STDOUT]: FOV: 70.0
[02:00:11] [EnvServerSocketHandler/INFO]: [STDOUT]: GuiScale: 1.0
[02:00:11] [Render thread/INFO]: [STDOUT]: Seed not provided, generating random one: 1362433945768351265
[02:00:11] [Render thread/WARN]: Ambiguity between arguments [teleport, destination] and [teleport, targets] with inputs: [Player, 0123, @e, dd12be42-52a9-4a91-a8a1-11c01849e498]
[02:00:11] [Render thread/WARN]: Ambiguity between arguments [teleport, location] and [teleport, destination] with inputs: [0.1 -0.5 .9, 0 0 0]
[02:00:11] [Render thread/WARN]: Ambiguity between arguments [teleport, location] and [teleport, targets] with inputs: [0.1 -0.5 .9, 0 0 0]
[02:00:11] [Render thread/WARN]: Ambiguity between arguments [teleport, targets] and [teleport, destination] with inputs: [Player, 0123, dd12be42-52a9-4a91-a8a1-11c01849e498]
[02:00:11] [Render thread/WARN]: Ambiguity between arguments [teleport, targets, location] and [teleport, targets, destination] with inputs: [0.1 -0.5 .9, 0 0 0]
[02:00:11] [Render thread/INFO]: Reloading ResourceManager: Default
[02:00:11] [Render thread/INFO]: Loaded 7 recipes
[02:00:11] [Render thread/INFO]: Loaded 927 advancements
[02:00:12] [Render thread/INFO]: Environment: authHost='https://authserver.mojang.com', accountsHost='https://api.mojang.com', sessionHost='https://sessionserver.mojang.com', servicesHost='https://api.minecraftservices.com', name='PROD'
[02:00:12] [Render thread/INFO]: Starting integrated minecraft server version 1.16.5
[02:00:12] [Render thread/INFO]: Generating keypair
[02:00:17] [Render thread/INFO]: Preparing start region for dimension minecraft:overworld
[02:00:28] [Render thread/INFO]: Changing view distance to 11, from 10
[02:00:28] [Render thread/INFO]: MineRLAgent0[local:E:febcc498] logged in with entity id 3160 at (-781.5, 66.0, -469.5)
[02:00:28] [Render thread/INFO]: MineRLAgent0 joined the game
[02:00:28] [Render thread/INFO]: Preparing spawn area: 22%
[02:00:28] [Render thread/INFO]: Time elapsed: 2 ms
[02:00:29] [Render thread/INFO]: [STDOUT]: Starting new video null
[02:00:29] [Render thread/INFO]: Saving and pausing game...
[02:00:29] [Render thread/INFO]: Saving chunks for level 'ServerLevel[mcpworldfb6f1920ce96]'/minecraft:overworld
[02:00:30] [Render thread/INFO]: Saving chunks for level 'ServerLevel[mcpworldfb6f1920ce96]'/minecraft:the_nether
[02:00:30] [Render thread/INFO]: Saving chunks for level 'ServerLevel[mcpworldfb6f1920ce96]'/minecraft:the_end
[02:00:30] [Render thread/INFO]: Loaded 0 advancements
[02:19:46] [Render thread/INFO]: [STDOUT]: Starting new video null
[02:25:01] [Render thread/INFO]: Loaded 7 advancements
[02:25:09] [EnvServerSocketHandler/INFO]: [STDOUT]: *** Stopping the replay, returning control to the inputs
[02:25:10] [EnvServerSocketHandler/INFO]: Received Mission token cd23b8ef-46d6-4fca-921d-48a894a57bb4:0:0:1:true
[02:25:10] [EnvServerSocketHandler/INFO]: Received mission init command  <MissionInit xmlns="http://ProjectMalmo.microsoft.com" xmlns:xsi="http://www.w3.org/2001/XMLSchema-instance" SchemaVersion="" PlatformVersion="0.37.0"><Mission><About><Summary>MineRLObtainDiamondShovel-v0</Summary></About><ModSettings><MsPerTick>50</MsPerTick></ModSettings><ServerSection><ServerInitialConditions><Time><AllowPassageOfTime>true</AllowPassageOfTime></Time><AllowSpawning>true</AllowSpawning></ServerInitialConditions><ServerHandlers><DefaultWorldGenerator forceReset="true" generatorOptions="{}"/><ServerQuitWhenAnyAgentFinishes/></ServerHandlers></ServerSection><AgentSection mode="Survival"><Name>MineRLAgent0</Name><AgentStart><LowLevelInputs>true</LowLevelInputs><GuiScale>1.0</GuiScale><GammaSetting>2.0</GammaSetting><FOVSetting>70.0</FOVSetting><FakeCursorSize>16</FakeCursorSize></AgentStart><AgentHandlers><FileBasedPerformanceProducer/><PauseCommand/><VideoProducer want_depth="false"><Width>640</Width><Height>360</Height></VideoProducer><ObservationFromFullInventory flat="false"/><HumanLevelCommands/><CameraCommands/></AgentHandlers></AgentSection></Mission><ExperimentUID>cd23b8ef-46d6-4fca-921d-48a894a57bb4</ExperimentUID><ClientRole>0</ClientRole><ClientAgentConnection><ClientIPAddress>127.0.0.1</ClientIPAddress><ClientMissionControlPort>0</ClientMissionControlPort><ClientCommandsPort>0</ClientCommandsPort><AgentIPAddress>127.0.0.1</AgentIPAddress><AgentMissionControlPort>0</AgentMissionControlPort><AgentVideoPort>0</AgentVideoPort><AgentDepthPort>0</AgentDepthPort><AgentLuminancePort>0</AgentLuminancePort><AgentObservationsPort>0</AgentObservationsPort><AgentRewardsPort>0</AgentRewardsPort><AgentColourMapPort>0</AgentColourMapPort></ClientAgentConnection></MissionInit>
[02:25:10] [EnvServerSocketHandler/INFO]: [STDOUT]: Setting width, height to 640, 360
[02:25:10] [EnvServerSocketHandler/INFO]: [STDOUT]: Gamma: 2.0
[02:25:10] [EnvServerSocketHandler/INFO]: [STDOUT]: FOV: 70.0
[02:25:10] [EnvServerSocketHandler/INFO]: [STDOUT]: GuiScale: 1.0
[02:25:10] [Render thread/INFO]: [STDOUT]: Seed not provided, generating random one: -7494855847120902810
[02:25:10] [Render thread/WARN]: Ambiguity between arguments [teleport, destination] and [teleport, targets] with inputs: [Player, 0123, @e, dd12be42-52a9-4a91-a8a1-11c01849e498]
[02:25:10] [Render thread/WARN]: Ambiguity between arguments [teleport, location] and [teleport, destination] with inputs: [0.1 -0.5 .9, 0 0 0]
[02:25:10] [Render thread/WARN]: Ambiguity between arguments [teleport, location] and [teleport, targets] with inputs: [0.1 -0.5 .9, 0 0 0]
[02:25:10] [Render thread/WARN]: Ambiguity between arguments [teleport, targets] and [teleport, destination] with inputs: [Player, 0123, dd12be42-52a9-4a91-a8a1-11c01849e498]
[02:25:10] [Render thread/WARN]: Ambiguity between arguments [teleport, targets, location] and [teleport, targets, destination] with inputs: [0.1 -0.5 .9, 0 0 0]
[02:25:10] [Render thread/INFO]: Reloading ResourceManager: Default
[02:25:10] [Render thread/INFO]: Loaded 7 recipes
[02:25:10] [Render thread/INFO]: Loaded 927 advancements
[02:25:11] [Render thread/INFO]: Environment: authHost='https://authserver.mojang.com', accountsHost='https://api.mojang.com', sessionHost='https://sessionserver.mojang.com', servicesHost='https://api.minecraftservices.com', name='PROD'
[02:25:11] [Render thread/INFO]: Starting integrated minecraft server version 1.16.5
[02:25:11] [Render thread/INFO]: Generating keypair
[02:25:16] [Render thread/INFO]: Preparing start region for dimension minecraft:overworld
[02:25:28] [Render thread/INFO]: Changing view distance to 11, from 10
[02:25:28] [Render thread/INFO]: MineRLAgent0[local:E:69bb985e] logged in with entity id 5302 at (718.5, 63.0, -543.5)
[02:25:28] [Render thread/INFO]: MineRLAgent0 joined the game
[02:25:28] [Render thread/INFO]: Preparing spawn area: 14%
[02:25:28] [Render thread/INFO]: Time elapsed: 2 ms
[02:25:29] [Render thread/INFO]: [STDOUT]: Starting new video null
[02:25:29] [Render thread/INFO]: Saving and pausing game...
[02:25:29] [Render thread/INFO]: Saving chunks for level 'ServerLevel[mcpworld19fc3b3ca6f0]'/minecraft:overworld
[02:25:29] [Render thread/INFO]: Saving chunks for level 'ServerLevel[mcpworld19fc3b3ca6f0]'/minecraft:the_nether
[02:25:29] [Render thread/INFO]: Saving chunks for level 'ServerLevel[mcpworld19fc3b3ca6f0]'/minecraft:the_end
[02:25:30] [Render thread/INFO]: Loaded 0 advancements
[02:25:32] [EnvServerSocketHandler/INFO]: [STDOUT]: *** Stopping the replay, returning control to the inputs
