[04:36:24] [Thread-4/INFO]: [STDOUT]: SERVER enter state: DORMANT
[04:36:24] [EnvServerSocketHandler/INFO]: Received Mission token 9fec4651-3193-4f8f-95b8-b86116bf6aee:0:0:1:true
[04:36:24] [EnvServerSocketHandler/INFO]: Received mission init command  <MissionInit xmlns="http://ProjectMalmo.microsoft.com" xmlns:xsi="http://www.w3.org/2001/XMLSchema-instance" SchemaVersion="" PlatformVersion="0.37.0"><Mission><About><Summary>MineRLObtainDiamondShovel-v0</Summary></About><ModSettings><MsPerTick>50</MsPerTick></ModSettings><ServerSection><HumanInteraction><Port>None</Port><MaxPlayers>10</MaxPlayers></HumanInteraction><ServerInitialConditions><Time><AllowPassageOfTime>true</AllowPassageOfTime></Time><AllowSpawning>true</AllowSpawning></ServerInitialConditions><ServerHandlers><DefaultWorldGenerator forceReset="true" generatorOptions="{}"/><ServerQuitWhenAnyAgentFinishes/></ServerHandlers></ServerSection><AgentSection mode="Survival"><Name>MineRLAgent0</Name><AgentStart><LowLevelInputs>true</LowLevelInputs><GuiScale>1.0</GuiScale><GammaSetting>2.0</GammaSetting><FOVSetting>70.0</FOVSetting><FakeCursorSize>16</FakeCursorSize></AgentStart><AgentHandlers><FileBasedPerformanceProducer/><PauseCommand/><VideoProducer want_depth="false"><Width>640</Width><Height>360</Height></VideoProducer><ObservationFromFullInventory flat="false"/><HumanLevelCommands/><CameraCommands/></AgentHandlers></AgentSection></Mission><ExperimentUID>9fec4651-3193-4f8f-95b8-b86116bf6aee</ExperimentUID><ClientRole>0</ClientRole><ClientAgentConnection><ClientIPAddress>127.0.0.1</ClientIPAddress><ClientMissionControlPort>0</ClientMissionControlPort><ClientCommandsPort>0</ClientCommandsPort><AgentIPAddress>127.0.0.1</AgentIPAddress><AgentMissionControlPort>0</AgentMissionControlPort><AgentVideoPort>0</AgentVideoPort><AgentDepthPort>0</AgentDepthPort><AgentLuminancePort>0</AgentLuminancePort><AgentObservationsPort>0</AgentObservationsPort><AgentRewardsPort>0</AgentRewardsPort><AgentColourMapPort>0</AgentColourMapPort></ClientAgentConnection></MissionInit>
[04:36:25] [EnvServerSocketHandler/INFO]: [STDOUT]: Setting width, height to 640, 360
[04:36:25] [EnvServerSocketHandler/INFO]: [STDOUT]: Gamma: 2.0
[04:36:25] [EnvServerSocketHandler/INFO]: [STDOUT]: FOV: 70.0
[04:36:25] [EnvServerSocketHandler/INFO]: [STDOUT]: GuiScale: 1.0
[04:36:25] [Render thread/INFO]: [STDOUT]: Seed not provided, generating random one: -6900133244111979823
[04:36:25] [Render thread/WARN]: Ambiguity between arguments [teleport, destination] and [teleport, targets] with inputs: [Player, 0123, @e, dd12be42-52a9-4a91-a8a1-11c01849e498]
[04:36:25] [Render thread/WARN]: Ambiguity between arguments [teleport, location] and [teleport, destination] with inputs: [0.1 -0.5 .9, 0 0 0]
[04:36:25] [Render thread/WARN]: Ambiguity between arguments [teleport, location] and [teleport, targets] with inputs: [0.1 -0.5 .9, 0 0 0]
[04:36:25] [Render thread/WARN]: Ambiguity between arguments [teleport, targets] and [teleport, destination] with inputs: [Player, 0123, dd12be42-52a9-4a91-a8a1-11c01849e498]
[04:36:25] [Render thread/WARN]: Ambiguity between arguments [teleport, targets, location] and [teleport, targets, destination] with inputs: [0.1 -0.5 .9, 0 0 0]
[04:36:25] [Render thread/INFO]: Reloading ResourceManager: Default
[04:36:25] [Render thread/INFO]: Loaded 7 recipes
[04:36:26] [Render thread/INFO]: Loaded 927 advancements
[04:36:26] [Render thread/INFO]: [STDOUT]: *** creating fake mouse cursor ***
[04:36:26] [Render thread/INFO]: Environment: authHost='https://authserver.mojang.com', accountsHost='https://api.mojang.com', sessionHost='https://sessionserver.mojang.com', servicesHost='https://api.minecraftservices.com', name='PROD'
[04:36:26] [Render thread/INFO]: Starting integrated minecraft server version 1.16.5
[04:36:26] [Render thread/INFO]: Generating keypair
[04:36:31] [Render thread/INFO]: Preparing start region for dimension minecraft:overworld
[04:36:43] [Render thread/INFO]: Changing view distance to 11, from 10
[04:36:43] [Render thread/INFO]: MineRLAgent0[local:E:63e2cb46] logged in with entity id 64 at (978.5, 71.0, -853.5)
[04:36:43] [Render thread/INFO]: MineRLAgent0 joined the game
[04:36:43] [Render thread/INFO]: Preparing spawn area: 2%
[04:36:43] [Render thread/INFO]: Time elapsed: 3 ms
[04:36:44] [Render thread/INFO]: [STDOUT]: Starting new video null
[04:36:44] [Render thread/INFO]: Saving and pausing game...
[04:36:44] [Render thread/INFO]: Saving chunks for level 'ServerLevel[mcpworld3a58026fe038]'/minecraft:overworld
[04:36:45] [Render thread/INFO]: Saving chunks for level 'ServerLevel[mcpworld3a58026fe038]'/minecraft:the_nether
[04:36:45] [Render thread/INFO]: Saving chunks for level 'ServerLevel[mcpworld3a58026fe038]'/minecraft:the_end
[04:36:46] [Render thread/INFO]: Loaded 0 advancements
[04:50:41] [Render thread/INFO]: [STDOUT]: Starting new video null
[04:59:57] [EnvServerSocketHandler/INFO]: [STDOUT]: *** Stopping the replay, returning control to the inputs
[04:59:57] [EnvServerSocketHandler/INFO]: Received Mission token 62462b4f-61df-4a7b-aa67-344883ff7ea9:0:0:1:true
[04:59:57] [EnvServerSocketHandler/INFO]: Received mission init command  <MissionInit xmlns="http://ProjectMalmo.microsoft.com" xmlns:xsi="http://www.w3.org/2001/XMLSchema-instance" SchemaVersion="" PlatformVersion="0.37.0"><Mission><About><Summary>MineRLObtainDiamondShovel-v0</Summary></About><ModSettings><MsPerTick>50</MsPerTick></ModSettings><ServerSection><HumanInteraction><Port>None</Port><MaxPlayers>10</MaxPlayers></HumanInteraction><ServerInitialConditions><Time><AllowPassageOfTime>true</AllowPassageOfTime></Time><AllowSpawning>true</AllowSpawning></ServerInitialConditions><ServerHandlers><DefaultWorldGenerator forceReset="true" generatorOptions="{}"/><ServerQuitWhenAnyAgentFinishes/></ServerHandlers></ServerSection><AgentSection mode="Survival"><Name>MineRLAgent0</Name><AgentStart><LowLevelInputs>true</LowLevelInputs><GuiScale>1.0</GuiScale><GammaSetting>2.0</GammaSetting><FOVSetting>70.0</FOVSetting><FakeCursorSize>16</FakeCursorSize></AgentStart><AgentHandlers><FileBasedPerformanceProducer/><PauseCommand/><VideoProducer want_depth="false"><Width>640</Width><Height>360</Height></VideoProducer><ObservationFromFullInventory flat="false"/><HumanLevelCommands/><CameraCommands/></AgentHandlers></AgentSection></Mission><ExperimentUID>62462b4f-61df-4a7b-aa67-344883ff7ea9</ExperimentUID><ClientRole>0</ClientRole><ClientAgentConnection><ClientIPAddress>127.0.0.1</ClientIPAddress><ClientMissionControlPort>0</ClientMissionControlPort><ClientCommandsPort>0</ClientCommandsPort><AgentIPAddress>127.0.0.1</AgentIPAddress><AgentMissionControlPort>0</AgentMissionControlPort><AgentVideoPort>0</AgentVideoPort><AgentDepthPort>0</AgentDepthPort><AgentLuminancePort>0</AgentLuminancePort><AgentObservationsPort>0</AgentObservationsPort><AgentRewardsPort>0</AgentRewardsPort><AgentColourMapPort>0</AgentColourMapPort></ClientAgentConnection></MissionInit>
[04:59:57] [EnvServerSocketHandler/INFO]: [STDOUT]: Setting width, height to 640, 360
[04:59:57] [EnvServerSocketHandler/INFO]: [STDOUT]: Gamma: 2.0
[04:59:57] [EnvServerSocketHandler/INFO]: [STDOUT]: FOV: 70.0
[04:59:57] [EnvServerSocketHandler/INFO]: [STDOUT]: GuiScale: 1.0
[04:59:57] [Render thread/INFO]: [STDOUT]: Seed not provided, generating random one: -5105038290666015714
[04:59:57] [Render thread/WARN]: Ambiguity between arguments [teleport, destination] and [teleport, targets] with inputs: [Player, 0123, @e, dd12be42-52a9-4a91-a8a1-11c01849e498]
[04:59:57] [Render thread/WARN]: Ambiguity between arguments [teleport, location] and [teleport, destination] with inputs: [0.1 -0.5 .9, 0 0 0]
[04:59:57] [Render thread/WARN]: Ambiguity between arguments [teleport, location] and [teleport, targets] with inputs: [0.1 -0.5 .9, 0 0 0]
[04:59:57] [Render thread/WARN]: Ambiguity between arguments [teleport, targets] and [teleport, destination] with inputs: [Player, 0123, dd12be42-52a9-4a91-a8a1-11c01849e498]
[04:59:57] [Render thread/WARN]: Ambiguity between arguments [teleport, targets, location] and [teleport, targets, destination] with inputs: [0.1 -0.5 .9, 0 0 0]
[04:59:57] [Render thread/INFO]: Reloading ResourceManager: Default
[04:59:57] [Render thread/INFO]: Loaded 7 recipes
[04:59:57] [Render thread/INFO]: Loaded 927 advancements
[04:59:58] [Render thread/INFO]: Environment: authHost='https://authserver.mojang.com', accountsHost='https://api.mojang.com', sessionHost='https://sessionserver.mojang.com', servicesHost='https://api.minecraftservices.com', name='PROD'
[04:59:58] [Render thread/INFO]: Starting integrated minecraft server version 1.16.5
[04:59:58] [Render thread/INFO]: Generating keypair
[05:00:03] [Render thread/INFO]: Preparing start region for dimension minecraft:overworld
[05:00:09] [Render thread/INFO]: Changing view distance to 11, from 10
[05:00:09] [Render thread/INFO]: MineRLAgent0[local:E:05c05b26] logged in with entity id 1935 at (-621.5, 64.0, -581.5)
[05:00:09] [Render thread/INFO]: MineRLAgent0 joined the game
[05:00:09] [Render thread/INFO]: Preparing spawn area: 54%
[05:00:09] [Render thread/INFO]: Time elapsed: 1 ms
[05:00:09] [Render thread/INFO]: [STDOUT]: Starting new video null
[05:00:09] [Render thread/INFO]: Saving and pausing game...
[05:00:09] [Render thread/INFO]: Saving chunks for level 'ServerLevel[mcpworld61c49ea301e6]'/minecraft:overworld
[05:00:10] [Render thread/INFO]: Saving chunks for level 'ServerLevel[mcpworld61c49ea301e6]'/minecraft:the_nether
[05:00:10] [Render thread/INFO]: Saving chunks for level 'ServerLevel[mcpworld61c49ea301e6]'/minecraft:the_end
[05:00:10] [Render thread/INFO]: Loaded 0 advancements
[05:02:02] [Render thread/INFO]: Loaded 7 advancements
[05:03:09] [Render thread/INFO]: MineRLAgent0 drowned
[05:03:09] [Render thread/INFO]: [CHAT] MineRLAgent0 drowned
[05:03:09] [Render thread/INFO]: [STDOUT]: Starting new video null
[05:10:20] [Render thread/INFO]: MineRLAgent0 drowned
[05:10:21] [Render thread/INFO]: [CHAT] MineRLAgent0 drowned
[05:10:21] [Render thread/INFO]: [STDOUT]: Starting new video null
[05:14:00] [Render thread/INFO]: MineRLAgent0 drowned
[05:14:00] [Render thread/INFO]: [CHAT] MineRLAgent0 drowned
[05:14:01] [Render thread/INFO]: [STDOUT]: Starting new video null
[05:16:25] [EnvServerSocketHandler/INFO]: [STDOUT]: *** Stopping the replay, returning control to the inputs
[05:16:25] [EnvServerSocketHandler/INFO]: Received Mission token 60fd8b94-0326-41b0-8399-9f37dcd3ff63:0:0:1:true
[05:16:25] [EnvServerSocketHandler/INFO]: Received mission init command  <MissionInit xmlns="http://ProjectMalmo.microsoft.com" xmlns:xsi="http://www.w3.org/2001/XMLSchema-instance" SchemaVersion="" PlatformVersion="0.37.0"><Mission><About><Summary>MineRLObtainDiamondShovel-v0</Summary></About><ModSettings><MsPerTick>50</MsPerTick></ModSettings><ServerSection><HumanInteraction><Port>None</Port><MaxPlayers>10</MaxPlayers></HumanInteraction><ServerInitialConditions><Time><AllowPassageOfTime>true</AllowPassageOfTime></Time><AllowSpawning>true</AllowSpawning></ServerInitialConditions><ServerHandlers><DefaultWorldGenerator forceReset="true" generatorOptions="{}"/><ServerQuitWhenAnyAgentFinishes/></ServerHandlers></ServerSection><AgentSection mode="Survival"><Name>MineRLAgent0</Name><AgentStart><LowLevelInputs>true</LowLevelInputs><GuiScale>1.0</GuiScale><GammaSetting>2.0</GammaSetting><FOVSetting>70.0</FOVSetting><FakeCursorSize>16</FakeCursorSize></AgentStart><AgentHandlers><FileBasedPerformanceProducer/><PauseCommand/><VideoProducer want_depth="false"><Width>640</Width><Height>360</Height></VideoProducer><ObservationFromFullInventory flat="false"/><HumanLevelCommands/><CameraCommands/></AgentHandlers></AgentSection></Mission><ExperimentUID>60fd8b94-0326-41b0-8399-9f37dcd3ff63</ExperimentUID><ClientRole>0</ClientRole><ClientAgentConnection><ClientIPAddress>127.0.0.1</ClientIPAddress><ClientMissionControlPort>0</ClientMissionControlPort><ClientCommandsPort>0</ClientCommandsPort><AgentIPAddress>127.0.0.1</AgentIPAddress><AgentMissionControlPort>0</AgentMissionControlPort><AgentVideoPort>0</AgentVideoPort><AgentDepthPort>0</AgentDepthPort><AgentLuminancePort>0</AgentLuminancePort><AgentObservationsPort>0</AgentObservationsPort><AgentRewardsPort>0</AgentRewardsPort><AgentColourMapPort>0</AgentColourMapPort></ClientAgentConnection></MissionInit>
[05:16:25] [EnvServerSocketHandler/INFO]: [STDOUT]: Setting width, height to 640, 360
[05:16:25] [EnvServerSocketHandler/INFO]: [STDOUT]: Gamma: 2.0
[05:16:25] [EnvServerSocketHandler/INFO]: [STDOUT]: FOV: 70.0
[05:16:25] [EnvServerSocketHandler/INFO]: [STDOUT]: GuiScale: 1.0
[05:16:25] [Render thread/INFO]: [STDOUT]: Seed not provided, generating random one: 6575979209349977784
[05:16:25] [Render thread/WARN]: Ambiguity between arguments [teleport, destination] and [teleport, targets] with inputs: [Player, 0123, @e, dd12be42-52a9-4a91-a8a1-11c01849e498]
[05:16:25] [Render thread/WARN]: Ambiguity between arguments [teleport, location] and [teleport, destination] with inputs: [0.1 -0.5 .9, 0 0 0]
[05:16:25] [Render thread/WARN]: Ambiguity between arguments [teleport, location] and [teleport, targets] with inputs: [0.1 -0.5 .9, 0 0 0]
[05:16:25] [Render thread/WARN]: Ambiguity between arguments [teleport, targets] and [teleport, destination] with inputs: [Player, 0123, dd12be42-52a9-4a91-a8a1-11c01849e498]
[05:16:25] [Render thread/WARN]: Ambiguity between arguments [teleport, targets, location] and [teleport, targets, destination] with inputs: [0.1 -0.5 .9, 0 0 0]
[05:16:25] [Render thread/INFO]: Reloading ResourceManager: Default
[05:16:25] [Render thread/INFO]: Loaded 7 recipes
[05:16:25] [Render thread/INFO]: Loaded 927 advancements
[05:16:25] [Render thread/INFO]: Environment: authHost='https://authserver.mojang.com', accountsHost='https://api.mojang.com', sessionHost='https://sessionserver.mojang.com', servicesHost='https://api.minecraftservices.com', name='PROD'
[05:16:25] [Render thread/INFO]: Starting integrated minecraft server version 1.16.5
[05:16:25] [Render thread/INFO]: Generating keypair
[05:16:30] [Render thread/INFO]: Preparing start region for dimension minecraft:overworld
[05:16:39] [Render thread/INFO]: Changing view distance to 11, from 10
[05:16:39] [Render thread/INFO]: MineRLAgent0[local:E:ab193285] logged in with entity id 5457 at (-813.5, 70.0, -277.5)
[05:16:39] [Render thread/INFO]: MineRLAgent0 joined the game
[05:16:39] [Render thread/INFO]: Preparing spawn area: 6%
[05:16:39] [Render thread/INFO]: Time elapsed: 2 ms
[05:16:39] [Render thread/INFO]: [STDOUT]: Starting new video null
[05:16:39] [Render thread/INFO]: Saving and pausing game...
[05:16:39] [Render thread/INFO]: Saving chunks for level 'ServerLevel[mcpworld4d15e70e5140]'/minecraft:overworld
[05:16:39] [Render thread/INFO]: Saving chunks for level 'ServerLevel[mcpworld4d15e70e5140]'/minecraft:the_nether
[05:16:39] [Render thread/INFO]: Saving chunks for level 'ServerLevel[mcpworld4d15e70e5140]'/minecraft:the_end
[05:16:40] [Render thread/INFO]: Loaded 0 advancements
[05:16:41] [EnvServerSocketHandler/INFO]: [STDOUT]: *** Stopping the replay, returning control to the inputs
