[03:44:45] [Thread-4/INFO]: [STDOUT]: SERVER enter state: DORMANT
[03:44:45] [EnvServerSocketHandler/INFO]: Received Mission token 93bf01e5-ecc5-4f9a-871a-4277d97a74ac:0:0:1:true
[03:44:45] [EnvServerSocketHandler/INFO]: Received mission init command  <MissionInit xmlns="http://ProjectMalmo.microsoft.com" xmlns:xsi="http://www.w3.org/2001/XMLSchema-instance" SchemaVersion="" PlatformVersion="0.37.0"><Mission><About><Summary>MineRLObtainDiamondShovel-v0</Summary></About><ModSettings><MsPerTick>50</MsPerTick></ModSettings><ServerSection><HumanInteraction><Port>None</Port><MaxPlayers>10</MaxPlayers></HumanInteraction><ServerInitialConditions><Time><AllowPassageOfTime>true</AllowPassageOfTime></Time><AllowSpawning>true</AllowSpawning></ServerInitialConditions><ServerHandlers><DefaultWorldGenerator forceReset="true" generatorOptions="{}"/><ServerQuitWhenAnyAgentFinishes/></ServerHandlers></ServerSection><AgentSection mode="Survival"><Name>MineRLAgent0</Name><AgentStart><LowLevelInputs>true</LowLevelInputs><GuiScale>1.0</GuiScale><GammaSetting>2.0</GammaSetting><FOVSetting>70.0</FOVSetting><FakeCursorSize>16</FakeCursorSize></AgentStart><AgentHandlers><FileBasedPerformanceProducer/><PauseCommand/><VideoProducer want_depth="false"><Width>640</Width><Height>360</Height></VideoProducer><ObservationFromFullInventory flat="false"/><HumanLevelCommands/><CameraCommands/></AgentHandlers></AgentSection></Mission><ExperimentUID>93bf01e5-ecc5-4f9a-871a-4277d97a74ac</ExperimentUID><ClientRole>0</ClientRole><ClientAgentConnection><ClientIPAddress>127.0.0.1</ClientIPAddress><ClientMissionControlPort>0</ClientMissionControlPort><ClientCommandsPort>0</ClientCommandsPort><AgentIPAddress>127.0.0.1</AgentIPAddress><AgentMissionControlPort>0</AgentMissionControlPort><AgentVideoPort>0</AgentVideoPort><AgentDepthPort>0</AgentDepthPort><AgentLuminancePort>0</AgentLuminancePort><AgentObservationsPort>0</AgentObservationsPort><AgentRewardsPort>0</AgentRewardsPort><AgentColourMapPort>0</AgentColourMapPort></ClientAgentConnection></MissionInit>
[03:44:46] [EnvServerSocketHandler/INFO]: [STDOUT]: Setting width, height to 640, 360
[03:44:46] [EnvServerSocketHandler/INFO]: [STDOUT]: Gamma: 2.0
[03:44:46] [EnvServerSocketHandler/INFO]: [STDOUT]: FOV: 70.0
[03:44:46] [EnvServerSocketHandler/INFO]: [STDOUT]: GuiScale: 1.0
[03:44:46] [Render thread/INFO]: [STDOUT]: Seed not provided, generating random one: -498522549911904473
[03:44:46] [Render thread/WARN]: Ambiguity between arguments [teleport, destination] and [teleport, targets] with inputs: [Player, 0123, @e, dd12be42-52a9-4a91-a8a1-11c01849e498]
[03:44:46] [Render thread/WARN]: Ambiguity between arguments [teleport, location] and [teleport, destination] with inputs: [0.1 -0.5 .9, 0 0 0]
[03:44:46] [Render thread/WARN]: Ambiguity between arguments [teleport, location] and [teleport, targets] with inputs: [0.1 -0.5 .9, 0 0 0]
[03:44:46] [Render thread/WARN]: Ambiguity between arguments [teleport, targets] and [teleport, destination] with inputs: [Player, 0123, dd12be42-52a9-4a91-a8a1-11c01849e498]
[03:44:46] [Render thread/WARN]: Ambiguity between arguments [teleport, targets, location] and [teleport, targets, destination] with inputs: [0.1 -0.5 .9, 0 0 0]
[03:44:46] [Render thread/INFO]: Reloading ResourceManager: Default
[03:44:46] [Render thread/INFO]: Loaded 7 recipes
[03:44:46] [Render thread/INFO]: Loaded 927 advancements
[03:44:47] [Render thread/INFO]: Environment: authHost='https://authserver.mojang.com', accountsHost='https://api.mojang.com', sessionHost='https://sessionserver.mojang.com', servicesHost='https://api.minecraftservices.com', name='PROD'
[03:44:47] [Render thread/INFO]: Starting integrated minecraft server version 1.16.5
[03:44:47] [Render thread/INFO]: Generating keypair
[03:44:51] [Render thread/INFO]: Preparing start region for dimension minecraft:overworld
[03:45:01] [Render thread/INFO]: Changing view distance to 11, from 10
[03:45:01] [Render thread/INFO]: MineRLAgent0[local:E:b9776897] logged in with entity id 147 at (-341.5, 76.0, 396.5)
[03:45:01] [Render thread/INFO]: MineRLAgent0 joined the game
[03:45:01] [Render thread/INFO]: [STDOUT]: *** creating fake mouse cursor ***
[03:45:01] [Render thread/INFO]: Preparing spawn area: 1%
[03:45:01] [Render thread/INFO]: Time elapsed: 4 ms
[03:45:02] [Render thread/INFO]: [STDOUT]: Starting new video null
[03:45:02] [Render thread/INFO]: Saving and pausing game...
[03:45:02] [Render thread/INFO]: Saving chunks for level 'ServerLevel[mcpworlde0386ecd888c]'/minecraft:overworld
[03:45:02] [Render thread/INFO]: Saving chunks for level 'ServerLevel[mcpworlde0386ecd888c]'/minecraft:the_nether
[03:45:02] [Render thread/INFO]: Saving chunks for level 'ServerLevel[mcpworlde0386ecd888c]'/minecraft:the_end
[03:45:03] [Render thread/INFO]: Loaded 0 advancements
[03:57:08] [Render thread/INFO]: [STDOUT]: Starting new video null
[04:01:51] [Render thread/INFO]: Loaded 7 advancements
[04:02:40] [Render thread/INFO]: MineRLAgent0 drowned
[04:02:40] [Render thread/INFO]: [CHAT] MineRLAgent0 drowned
[04:02:40] [Render thread/INFO]: [STDOUT]: Starting new video null
[04:05:04] [EnvServerSocketHandler/INFO]: [STDOUT]: *** Stopping the replay, returning control to the inputs
[04:05:04] [EnvServerSocketHandler/INFO]: Received Mission token f0c853a5-985a-4e08-b2c2-3dcb288a7984:0:0:1:true
[04:05:04] [EnvServerSocketHandler/INFO]: Received mission init command  <MissionInit xmlns="http://ProjectMalmo.microsoft.com" xmlns:xsi="http://www.w3.org/2001/XMLSchema-instance" SchemaVersion="" PlatformVersion="0.37.0"><Mission><About><Summary>MineRLObtainDiamondShovel-v0</Summary></About><ModSettings><MsPerTick>50</MsPerTick></ModSettings><ServerSection><HumanInteraction><Port>None</Port><MaxPlayers>10</MaxPlayers></HumanInteraction><ServerInitialConditions><Time><AllowPassageOfTime>true</AllowPassageOfTime></Time><AllowSpawning>true</AllowSpawning></ServerInitialConditions><ServerHandlers><DefaultWorldGenerator forceReset="true" generatorOptions="{}"/><ServerQuitWhenAnyAgentFinishes/></ServerHandlers></ServerSection><AgentSection mode="Survival"><Name>MineRLAgent0</Name><AgentStart><LowLevelInputs>true</LowLevelInputs><GuiScale>1.0</GuiScale><GammaSetting>2.0</GammaSetting><FOVSetting>70.0</FOVSetting><FakeCursorSize>16</FakeCursorSize></AgentStart><AgentHandlers><FileBasedPerformanceProducer/><PauseCommand/><VideoProducer want_depth="false"><Width>640</Width><Height>360</Height></VideoProducer><ObservationFromFullInventory flat="false"/><HumanLevelCommands/><CameraCommands/></AgentHandlers></AgentSection></Mission><ExperimentUID>f0c853a5-985a-4e08-b2c2-3dcb288a7984</ExperimentUID><ClientRole>0</ClientRole><ClientAgentConnection><ClientIPAddress>127.0.0.1</ClientIPAddress><ClientMissionControlPort>0</ClientMissionControlPort><ClientCommandsPort>0</ClientCommandsPort><AgentIPAddress>127.0.0.1</AgentIPAddress><AgentMissionControlPort>0</AgentMissionControlPort><AgentVideoPort>0</AgentVideoPort><AgentDepthPort>0</AgentDepthPort><AgentLuminancePort>0</AgentLuminancePort><AgentObservationsPort>0</AgentObservationsPort><AgentRewardsPort>0</AgentRewardsPort><AgentColourMapPort>0</AgentColourMapPort></ClientAgentConnection></MissionInit>
[04:05:04] [EnvServerSocketHandler/INFO]: [STDOUT]: Setting width, height to 640, 360
[04:05:04] [EnvServerSocketHandler/INFO]: [STDOUT]: Gamma: 2.0
[04:05:04] [EnvServerSocketHandler/INFO]: [STDOUT]: FOV: 70.0
[04:05:04] [EnvServerSocketHandler/INFO]: [STDOUT]: GuiScale: 1.0
[04:05:04] [Render thread/INFO]: [STDOUT]: Seed not provided, generating random one: 1559441552709576126
[04:05:05] [Render thread/WARN]: Ambiguity between arguments [teleport, destination] and [teleport, targets] with inputs: [Player, 0123, @e, dd12be42-52a9-4a91-a8a1-11c01849e498]
[04:05:05] [Render thread/WARN]: Ambiguity between arguments [teleport, location] and [teleport, destination] with inputs: [0.1 -0.5 .9, 0 0 0]
[04:05:05] [Render thread/WARN]: Ambiguity between arguments [teleport, location] and [teleport, targets] with inputs: [0.1 -0.5 .9, 0 0 0]
[04:05:05] [Render thread/WARN]: Ambiguity between arguments [teleport, targets] and [teleport, destination] with inputs: [Player, 0123, dd12be42-52a9-4a91-a8a1-11c01849e498]
[04:05:05] [Render thread/WARN]: Ambiguity between arguments [teleport, targets, location] and [teleport, targets, destination] with inputs: [0.1 -0.5 .9, 0 0 0]
[04:05:05] [Render thread/INFO]: Reloading ResourceManager: Default
[04:05:05] [Render thread/INFO]: Loaded 7 recipes
[04:05:05] [Render thread/INFO]: Loaded 927 advancements
[04:05:05] [Render thread/INFO]: Environment: authHost='https://authserver.mojang.com', accountsHost='https://api.mojang.com', sessionHost='https://sessionserver.mojang.com', servicesHost='https://api.minecraftservices.com', name='PROD'
[04:05:05] [Render thread/INFO]: Starting integrated minecraft server version 1.16.5
[04:05:05] [Render thread/INFO]: Generating keypair
[04:05:08] [Render thread/INFO]: Preparing start region for dimension minecraft:overworld
[04:05:17] [Render thread/INFO]: Changing view distance to 11, from 10
[04:05:17] [Render thread/INFO]: MineRLAgent0[local:E:031d50f7] logged in with entity id 2495 at (-616.5, 64.0, -481.5)
[04:05:17] [Render thread/INFO]: MineRLAgent0 joined the game
[04:05:17] [Render thread/INFO]: Preparing spawn area: 6%
[04:05:17] [Render thread/INFO]: Time elapsed: 2 ms
[04:05:17] [Render thread/INFO]: [STDOUT]: Starting new video null
[04:05:17] [Render thread/INFO]: Saving and pausing game...
[04:05:17] [Render thread/INFO]: Saving chunks for level 'ServerLevel[mcpworldbfdb3d23fdc5]'/minecraft:overworld
[04:05:18] [Render thread/INFO]: Saving chunks for level 'ServerLevel[mcpworldbfdb3d23fdc5]'/minecraft:the_nether
[04:05:18] [Render thread/INFO]: Saving chunks for level 'ServerLevel[mcpworldbfdb3d23fdc5]'/minecraft:the_end
[04:05:18] [Render thread/INFO]: Loaded 0 advancements
[04:14:49] [Render thread/INFO]: [STDOUT]: Starting new video null
[04:17:36] [EnvServerSocketHandler/INFO]: [STDOUT]: *** Stopping the replay, returning control to the inputs
[04:17:36] [EnvServerSocketHandler/INFO]: Received Mission token 01f8f040-5885-4099-be87-87d5caf7c0d4:0:0:1:true
[04:17:36] [EnvServerSocketHandler/INFO]: Received mission init command  <MissionInit xmlns="http://ProjectMalmo.microsoft.com" xmlns:xsi="http://www.w3.org/2001/XMLSchema-instance" SchemaVersion="" PlatformVersion="0.37.0"><Mission><About><Summary>MineRLObtainDiamondShovel-v0</Summary></About><ModSettings><MsPerTick>50</MsPerTick></ModSettings><ServerSection><HumanInteraction><Port>None</Port><MaxPlayers>10</MaxPlayers></HumanInteraction><ServerInitialConditions><Time><AllowPassageOfTime>true</AllowPassageOfTime></Time><AllowSpawning>true</AllowSpawning></ServerInitialConditions><ServerHandlers><DefaultWorldGenerator forceReset="true" generatorOptions="{}"/><ServerQuitWhenAnyAgentFinishes/></ServerHandlers></ServerSection><AgentSection mode="Survival"><Name>MineRLAgent0</Name><AgentStart><LowLevelInputs>true</LowLevelInputs><GuiScale>1.0</GuiScale><GammaSetting>2.0</GammaSetting><FOVSetting>70.0</FOVSetting><FakeCursorSize>16</FakeCursorSize></AgentStart><AgentHandlers><FileBasedPerformanceProducer/><PauseCommand/><VideoProducer want_depth="false"><Width>640</Width><Height>360</Height></VideoProducer><ObservationFromFullInventory flat="false"/><HumanLevelCommands/><CameraCommands/></AgentHandlers></AgentSection></Mission><ExperimentUID>01f8f040-5885-4099-be87-87d5caf7c0d4</ExperimentUID><ClientRole>0</ClientRole><ClientAgentConnection><ClientIPAddress>127.0.0.1</ClientIPAddress><ClientMissionControlPort>0</ClientMissionControlPort><ClientCommandsPort>0</ClientCommandsPort><AgentIPAddress>127.0.0.1</AgentIPAddress><AgentMissionControlPort>0</AgentMissionControlPort><AgentVideoPort>0</AgentVideoPort><AgentDepthPort>0</AgentDepthPort><AgentLuminancePort>0</AgentLuminancePort><AgentObservationsPort>0</AgentObservationsPort><AgentRewardsPort>0</AgentRewardsPort><AgentColourMapPort>0</AgentColourMapPort></ClientAgentConnection></MissionInit>
[04:17:37] [EnvServerSocketHandler/INFO]: [STDOUT]: Setting width, height to 640, 360
[04:17:37] [EnvServerSocketHandler/INFO]: [STDOUT]: Gamma: 2.0
[04:17:37] [EnvServerSocketHandler/INFO]: [STDOUT]: FOV: 70.0
[04:17:37] [EnvServerSocketHandler/INFO]: [STDOUT]: GuiScale: 1.0
[04:17:37] [Render thread/INFO]: [STDOUT]: Seed not provided, generating random one: -2646108254102539567
[04:17:37] [Render thread/WARN]: Ambiguity between arguments [teleport, destination] and [teleport, targets] with inputs: [Player, 0123, @e, dd12be42-52a9-4a91-a8a1-11c01849e498]
[04:17:37] [Render thread/WARN]: Ambiguity between arguments [teleport, location] and [teleport, destination] with inputs: [0.1 -0.5 .9, 0 0 0]
[04:17:37] [Render thread/WARN]: Ambiguity between arguments [teleport, location] and [teleport, targets] with inputs: [0.1 -0.5 .9, 0 0 0]
[04:17:37] [Render thread/WARN]: Ambiguity between arguments [teleport, targets] and [teleport, destination] with inputs: [Player, 0123, dd12be42-52a9-4a91-a8a1-11c01849e498]
[04:17:37] [Render thread/WARN]: Ambiguity between arguments [teleport, targets, location] and [teleport, targets, destination] with inputs: [0.1 -0.5 .9, 0 0 0]
[04:17:37] [Render thread/INFO]: Reloading ResourceManager: Default
[04:17:37] [Render thread/INFO]: Loaded 7 recipes
[04:17:37] [Render thread/INFO]: Loaded 927 advancements
[04:17:37] [Render thread/INFO]: Environment: authHost='https://authserver.mojang.com', accountsHost='https://api.mojang.com', sessionHost='https://sessionserver.mojang.com', servicesHost='https://api.minecraftservices.com', name='PROD'
[04:17:37] [Render thread/INFO]: Starting integrated minecraft server version 1.16.5
[04:17:37] [Render thread/INFO]: Generating keypair
[04:17:41] [Render thread/INFO]: Preparing start region for dimension minecraft:overworld
[04:17:52] [Render thread/INFO]: Changing view distance to 11, from 10
[04:17:52] [Render thread/INFO]: MineRLAgent0[local:E:528142e4] logged in with entity id 4608 at (-925.5, 64.0, -965.5)
[04:17:52] [Render thread/INFO]: MineRLAgent0 joined the game
[04:17:52] [Render thread/INFO]: Preparing spawn area: 24%
[04:17:52] [Render thread/INFO]: Time elapsed: 1 ms
[04:17:52] [Render thread/INFO]: [STDOUT]: Starting new video null
[04:17:52] [Render thread/INFO]: Saving and pausing game...
[04:17:52] [Render thread/INFO]: Saving chunks for level 'ServerLevel[mcpworldd935c90589bb]'/minecraft:overworld
[04:17:53] [Render thread/INFO]: Saving chunks for level 'ServerLevel[mcpworldd935c90589bb]'/minecraft:the_nether
[04:17:53] [Render thread/INFO]: Saving chunks for level 'ServerLevel[mcpworldd935c90589bb]'/minecraft:the_end
[04:17:53] [Render thread/INFO]: Loaded 0 advancements
[04:17:55] [EnvServerSocketHandler/INFO]: [STDOUT]: *** Stopping the replay, returning control to the inputs
